05.11.2022 17:48:09 - 
05.11.2022 17:48:09 - ---------------------------------------------------------------------------------------------
05.11.2022 17:48:09 - Start Job: 8
05.11.2022 17:48:09 - Quelle: d:\Bachmann\Daten\OneDrive\Asus-PC-2018\Programmierung\Delphi\Sydney\Projekte\Minitools\HarddriveClone2\LogFiles\
05.11.2022 17:48:09 - Ziel: d:\temp4\
05.11.2022 17:48:09 - Festplatte einlesen: 
05.11.2022 17:48:09 - d:\Bachmann\Daten\OneDrive\Asus-PC-2018\Programmierung\Delphi\Sydney\Projekte\Minitools\HarddriveClone2\LogFiles\Hurra\HarddriveClone2.log.5
05.11.2022 17:48:09 - d:\Bachmann\Daten\OneDrive\Asus-PC-2018\Programmierung\Delphi\Sydney\Projekte\Minitools\HarddriveClone2\LogFiles\temp\PHOTOORGA.FDB
05.11.2022 17:48:10 - d:\Bachmann\Daten\OneDrive\Asus-PC-2018\Programmierung\Delphi\Sydney\Projekte\Minitools\HarddriveClone2\LogFiles\HarddriveClone2.log
05.11.2022 17:48:10 - d:\Bachmann\Daten\OneDrive\Asus-PC-2018\Programmierung\Delphi\Sydney\Projekte\Minitools\HarddriveClone2\LogFiles\HarddriveClone2.log.1
05.11.2022 17:48:10 - d:\Bachmann\Daten\OneDrive\Asus-PC-2018\Programmierung\Delphi\Sydney\Projekte\Minitools\HarddriveClone2\LogFiles\HarddriveClone2.log.2
05.11.2022 17:48:10 - d:\Bachmann\Daten\OneDrive\Asus-PC-2018\Programmierung\Delphi\Sydney\Projekte\Minitools\HarddriveClone2\LogFiles\HarddriveClone2.log.3
05.11.2022 17:48:10 - d:\Bachmann\Daten\OneDrive\Asus-PC-2018\Programmierung\Delphi\Sydney\Projekte\Minitools\HarddriveClone2\LogFiles\HarddriveClone2.log.4
05.11.2022 17:48:10 - d:\Bachmann\Daten\OneDrive\Asus-PC-2018\Programmierung\Delphi\Sydney\Projekte\Minitools\HarddriveClone2\LogFiles\HarddriveClone2.log.5
05.11.2022 17:48:10 - Dateien in Datenbank einlesen
05.11.2022 17:48:10 - d:\Bachmann\Daten\OneDrive\Asus-PC-2018\Programmierung\Delphi\Sydney\Projekte\Minitools\HarddriveClone2\LogFiles\Hurra\HarddriveClone2.log.5
05.11.2022 17:48:10 - d:\Bachmann\Daten\OneDrive\Asus-PC-2018\Programmierung\Delphi\Sydney\Projekte\Minitools\HarddriveClone2\LogFiles\temp\PHOTOORGA.FDB
05.11.2022 17:48:10 - d:\Bachmann\Daten\OneDrive\Asus-PC-2018\Programmierung\Delphi\Sydney\Projekte\Minitools\HarddriveClone2\LogFiles\HarddriveClone2.log
05.11.2022 17:48:10 - d:\Bachmann\Daten\OneDrive\Asus-PC-2018\Programmierung\Delphi\Sydney\Projekte\Minitools\HarddriveClone2\LogFiles\HarddriveClone2.log.1
05.11.2022 17:48:10 - d:\Bachmann\Daten\OneDrive\Asus-PC-2018\Programmierung\Delphi\Sydney\Projekte\Minitools\HarddriveClone2\LogFiles\HarddriveClone2.log.2
05.11.2022 17:48:10 - d:\Bachmann\Daten\OneDrive\Asus-PC-2018\Programmierung\Delphi\Sydney\Projekte\Minitools\HarddriveClone2\LogFiles\HarddriveClone2.log.3
05.11.2022 17:48:10 - d:\Bachmann\Daten\OneDrive\Asus-PC-2018\Programmierung\Delphi\Sydney\Projekte\Minitools\HarddriveClone2\LogFiles\HarddriveClone2.log.4
05.11.2022 17:48:10 - d:\Bachmann\Daten\OneDrive\Asus-PC-2018\Programmierung\Delphi\Sydney\Projekte\Minitools\HarddriveClone2\LogFiles\HarddriveClone2.log.5
05.11.2022 17:48:10 - Kopiere neue Dateien
05.11.2022 17:48:10 - d:\temp4\Hurra\HarddriveClone2.log.5
05.11.2022 17:48:10 - d:\temp4\temp\PHOTOORGA.FDB
05.11.2022 17:48:10 - d:\temp4\HarddriveClone2.log
05.11.2022 17:48:11 - d:\temp4\HarddriveClone2.log.1
05.11.2022 17:48:11 - d:\temp4\HarddriveClone2.log.2
05.11.2022 17:48:11 - d:\temp4\HarddriveClone2.log.3
05.11.2022 17:48:11 - d:\temp4\HarddriveClone2.log.4
05.11.2022 17:48:11 - d:\temp4\HarddriveClone2.log.5
05.11.2022 17:48:11 - Kopiere ge‰nderte Dateien
05.11.2022 17:54:32 - 
05.11.2022 17:54:33 - ---------------------------------------------------------------------------------------------
05.11.2022 17:54:33 - Start Job: 8
05.11.2022 17:54:33 - Quelle: d:\Bachmann\Daten\OneDrive\Asus-PC-2018\Programmierung\Delphi\Sydney\Projekte\Minitools\HarddriveClone2\LogFiles\
05.11.2022 17:54:36 - Ziel: d:\temp4\
05.11.2022 17:56:45 - Festplatte einlesen: 
05.11.2022 17:58:18 - d:\Bachmann\Daten\OneDrive\Asus-PC-2018\Programmierung\Delphi\Sydney\Projekte\Minitools\HarddriveClone2\LogFiles\Hurra\HarddriveClone2.log.5
05.11.2022 17:58:18 - d:\Bachmann\Daten\OneDrive\Asus-PC-2018\Programmierung\Delphi\Sydney\Projekte\Minitools\HarddriveClone2\LogFiles\temp\PHOTOORGA.FDB
05.11.2022 17:58:18 - d:\Bachmann\Daten\OneDrive\Asus-PC-2018\Programmierung\Delphi\Sydney\Projekte\Minitools\HarddriveClone2\LogFiles\HarddriveClone2.log
05.11.2022 17:58:18 - d:\Bachmann\Daten\OneDrive\Asus-PC-2018\Programmierung\Delphi\Sydney\Projekte\Minitools\HarddriveClone2\LogFiles\HarddriveClone2.log.1
05.11.2022 17:58:18 - d:\Bachmann\Daten\OneDrive\Asus-PC-2018\Programmierung\Delphi\Sydney\Projekte\Minitools\HarddriveClone2\LogFiles\HarddriveClone2.log.2
05.11.2022 17:58:18 - d:\Bachmann\Daten\OneDrive\Asus-PC-2018\Programmierung\Delphi\Sydney\Projekte\Minitools\HarddriveClone2\LogFiles\HarddriveClone2.log.3
05.11.2022 17:58:18 - d:\Bachmann\Daten\OneDrive\Asus-PC-2018\Programmierung\Delphi\Sydney\Projekte\Minitools\HarddriveClone2\LogFiles\HarddriveClone2.log.4
05.11.2022 17:58:18 - d:\Bachmann\Daten\OneDrive\Asus-PC-2018\Programmierung\Delphi\Sydney\Projekte\Minitools\HarddriveClone2\LogFiles\HarddriveClone2.log.5
05.11.2022 17:58:18 - Dateien in Datenbank einlesen
05.11.2022 17:58:18 - d:\Bachmann\Daten\OneDrive\Asus-PC-2018\Programmierung\Delphi\Sydney\Projekte\Minitools\HarddriveClone2\LogFiles\Hurra\HarddriveClone2.log.5
05.11.2022 17:58:19 - d:\Bachmann\Daten\OneDrive\Asus-PC-2018\Programmierung\Delphi\Sydney\Projekte\Minitools\HarddriveClone2\LogFiles\temp\PHOTOORGA.FDB
05.11.2022 17:58:19 - d:\Bachmann\Daten\OneDrive\Asus-PC-2018\Programmierung\Delphi\Sydney\Projekte\Minitools\HarddriveClone2\LogFiles\HarddriveClone2.log
05.11.2022 17:58:19 - d:\Bachmann\Daten\OneDrive\Asus-PC-2018\Programmierung\Delphi\Sydney\Projekte\Minitools\HarddriveClone2\LogFiles\HarddriveClone2.log.1
05.11.2022 17:58:19 - d:\Bachmann\Daten\OneDrive\Asus-PC-2018\Programmierung\Delphi\Sydney\Projekte\Minitools\HarddriveClone2\LogFiles\HarddriveClone2.log.2
05.11.2022 17:58:19 - d:\Bachmann\Daten\OneDrive\Asus-PC-2018\Programmierung\Delphi\Sydney\Projekte\Minitools\HarddriveClone2\LogFiles\HarddriveClone2.log.3
05.11.2022 17:58:19 - d:\Bachmann\Daten\OneDrive\Asus-PC-2018\Programmierung\Delphi\Sydney\Projekte\Minitools\HarddriveClone2\LogFiles\HarddriveClone2.log.4
05.11.2022 17:58:19 - d:\Bachmann\Daten\OneDrive\Asus-PC-2018\Programmierung\Delphi\Sydney\Projekte\Minitools\HarddriveClone2\LogFiles\HarddriveClone2.log.5
05.11.2022 17:58:19 - Kopiere neue Dateien
05.11.2022 17:58:19 - d:\temp4\Hurra\HarddriveClone2.log.5
05.11.2022 17:58:19 - d:\temp4\temp\PHOTOORGA.FDB
05.11.2022 17:58:19 - d:\temp4\HarddriveClone2.log
05.11.2022 17:58:19 - d:\temp4\HarddriveClone2.log.1
05.11.2022 17:58:19 - d:\temp4\HarddriveClone2.log.2
05.11.2022 17:58:19 - d:\temp4\HarddriveClone2.log.3
05.11.2022 17:58:19 - d:\temp4\HarddriveClone2.log.4
05.11.2022 17:58:20 - d:\temp4\HarddriveClone2.log.5
05.11.2022 17:58:20 - Kopiere ge‰nderte Dateien
05.11.2022 17:59:59 - 
05.11.2022 17:59:59 - ---------------------------------------------------------------------------------------------
05.11.2022 17:59:59 - Start Job: 8
05.11.2022 17:59:59 - Quelle: d:\Bachmann\Daten\OneDrive\Asus-PC-2018\Programmierung\Delphi\Sydney\Projekte\Minitools\HarddriveClone2\LogFiles\
05.11.2022 17:59:59 - Ziel: d:\temp4\
05.11.2022 18:00:04 - Festplatte einlesen: 
05.11.2022 18:00:27 - d:\Bachmann\Daten\OneDrive\Asus-PC-2018\Programmierung\Delphi\Sydney\Projekte\Minitools\HarddriveClone2\LogFiles\Hurra\HarddriveClone2.log.5
05.11.2022 18:00:43 - d:\Bachmann\Daten\OneDrive\Asus-PC-2018\Programmierung\Delphi\Sydney\Projekte\Minitools\HarddriveClone2\LogFiles\temp\PHOTOORGA.FDB
05.11.2022 18:00:50 - d:\Bachmann\Daten\OneDrive\Asus-PC-2018\Programmierung\Delphi\Sydney\Projekte\Minitools\HarddriveClone2\LogFiles\HarddriveClone2.log
05.11.2022 18:00:50 - d:\Bachmann\Daten\OneDrive\Asus-PC-2018\Programmierung\Delphi\Sydney\Projekte\Minitools\HarddriveClone2\LogFiles\HarddriveClone2.log.1
05.11.2022 18:00:50 - d:\Bachmann\Daten\OneDrive\Asus-PC-2018\Programmierung\Delphi\Sydney\Projekte\Minitools\HarddriveClone2\LogFiles\HarddriveClone2.log.2
05.11.2022 18:00:50 - d:\Bachmann\Daten\OneDrive\Asus-PC-2018\Programmierung\Delphi\Sydney\Projekte\Minitools\HarddriveClone2\LogFiles\HarddriveClone2.log.3
05.11.2022 18:00:50 - d:\Bachmann\Daten\OneDrive\Asus-PC-2018\Programmierung\Delphi\Sydney\Projekte\Minitools\HarddriveClone2\LogFiles\HarddriveClone2.log.4
05.11.2022 18:00:50 - d:\Bachmann\Daten\OneDrive\Asus-PC-2018\Programmierung\Delphi\Sydney\Projekte\Minitools\HarddriveClone2\LogFiles\HarddriveClone2.log.5
05.11.2022 18:01:04 - Dateien in Datenbank einlesen
05.11.2022 18:01:55 - d:\Bachmann\Daten\OneDrive\Asus-PC-2018\Programmierung\Delphi\Sydney\Projekte\Minitools\HarddriveClone2\LogFiles\Hurra\HarddriveClone2.log.5
05.11.2022 18:04:53 - 
05.11.2022 18:04:53 - ---------------------------------------------------------------------------------------------
05.11.2022 18:04:53 - Start Job: 8
05.11.2022 18:04:53 - Quelle: d:\Bachmann\Daten\OneDrive\Asus-PC-2018\Programmierung\Delphi\Sydney\Projekte\Minitools\HarddriveClone2\LogFiles\
05.11.2022 18:04:53 - Ziel: d:\temp4\
05.11.2022 18:05:13 - Festplatte einlesen: 
05.11.2022 18:05:33 - d:\Bachmann\Daten\OneDrive\Asus-PC-2018\Programmierung\Delphi\Sydney\Projekte\Minitools\HarddriveClone2\LogFiles\Hurra\HarddriveClone2.log.5
05.11.2022 18:05:36 - d:\Bachmann\Daten\OneDrive\Asus-PC-2018\Programmierung\Delphi\Sydney\Projekte\Minitools\HarddriveClone2\LogFiles\temp\PHOTOORGA.FDB
05.11.2022 18:05:37 - d:\Bachmann\Daten\OneDrive\Asus-PC-2018\Programmierung\Delphi\Sydney\Projekte\Minitools\HarddriveClone2\LogFiles\HarddriveClone2.log
05.11.2022 18:05:37 - d:\Bachmann\Daten\OneDrive\Asus-PC-2018\Programmierung\Delphi\Sydney\Projekte\Minitools\HarddriveClone2\LogFiles\HarddriveClone2.log.1
05.11.2022 18:05:37 - d:\Bachmann\Daten\OneDrive\Asus-PC-2018\Programmierung\Delphi\Sydney\Projekte\Minitools\HarddriveClone2\LogFiles\HarddriveClone2.log.2
05.11.2022 18:05:37 - d:\Bachmann\Daten\OneDrive\Asus-PC-2018\Programmierung\Delphi\Sydney\Projekte\Minitools\HarddriveClone2\LogFiles\HarddriveClone2.log.3
05.11.2022 18:05:37 - d:\Bachmann\Daten\OneDrive\Asus-PC-2018\Programmierung\Delphi\Sydney\Projekte\Minitools\HarddriveClone2\LogFiles\HarddriveClone2.log.4
05.11.2022 18:05:37 - d:\Bachmann\Daten\OneDrive\Asus-PC-2018\Programmierung\Delphi\Sydney\Projekte\Minitools\HarddriveClone2\LogFiles\HarddriveClone2.log.5
05.11.2022 18:05:38 - Dateien in Datenbank einlesen
05.11.2022 18:06:48 - 
05.11.2022 18:06:48 - ---------------------------------------------------------------------------------------------
05.11.2022 18:06:48 - Start Job: 8
05.11.2022 18:06:48 - Quelle: d:\Bachmann\Daten\OneDrive\Asus-PC-2018\Programmierung\Delphi\Sydney\Projekte\Minitools\HarddriveClone2\LogFiles\
05.11.2022 18:06:48 - Ziel: d:\temp4\
05.11.2022 18:06:52 - Festplatte einlesen: 
05.11.2022 18:08:29 - 
05.11.2022 18:08:29 - ---------------------------------------------------------------------------------------------
05.11.2022 18:08:29 - Start Job: 8
05.11.2022 18:08:29 - Quelle: d:\Bachmann\Daten\OneDrive\Asus-PC-2018\Programmierung\Delphi\Sydney\Projekte\Minitools\HarddriveClone2\LogFiles\
05.11.2022 18:08:29 - Ziel: d:\temp4\
05.11.2022 18:09:18 - Festplatte einlesen: 
05.11.2022 18:10:31 - 
05.11.2022 18:10:31 - ---------------------------------------------------------------------------------------------
05.11.2022 18:10:31 - Start Job: 8
05.11.2022 18:10:31 - Quelle: d:\Bachmann\Daten\OneDrive\Asus-PC-2018\Programmierung\Delphi\Sydney\Projekte\Minitools\HarddriveClone2\LogFiles\
05.11.2022 18:10:31 - Ziel: d:\temp4\
05.11.2022 18:10:45 - Festplatte einlesen: 
05.11.2022 18:12:17 - 
05.11.2022 18:12:17 - ---------------------------------------------------------------------------------------------
05.11.2022 18:12:18 - Start Job: 8
05.11.2022 18:12:18 - Quelle: d:\Bachmann\Daten\OneDrive\Asus-PC-2018\Programmierung\Delphi\Sydney\Projekte\Minitools\HarddriveClone2\LogFiles\
05.11.2022 18:12:18 - Ziel: d:\temp4\
05.11.2022 18:13:37 - Festplatte einlesen: 
05.11.2022 18:16:49 - d:\Bachmann\Daten\OneDrive\Asus-PC-2018\Programmierung\Delphi\Sydney\Projekte\Minitools\HarddriveClone2\LogFiles\Hurra\HarddriveClone2.log.5
05.11.2022 18:17:14 - d:\Bachmann\Daten\OneDrive\Asus-PC-2018\Programmierung\Delphi\Sydney\Projekte\Minitools\HarddriveClone2\LogFiles\temp\PHOTOORGA.FDB
05.11.2022 18:17:17 - d:\Bachmann\Daten\OneDrive\Asus-PC-2018\Programmierung\Delphi\Sydney\Projekte\Minitools\HarddriveClone2\LogFiles\HarddriveClone2.log
05.11.2022 18:17:17 - d:\Bachmann\Daten\OneDrive\Asus-PC-2018\Programmierung\Delphi\Sydney\Projekte\Minitools\HarddriveClone2\LogFiles\HarddriveClone2.log.1
05.11.2022 18:17:17 - d:\Bachmann\Daten\OneDrive\Asus-PC-2018\Programmierung\Delphi\Sydney\Projekte\Minitools\HarddriveClone2\LogFiles\HarddriveClone2.log.2
05.11.2022 18:17:17 - d:\Bachmann\Daten\OneDrive\Asus-PC-2018\Programmierung\Delphi\Sydney\Projekte\Minitools\HarddriveClone2\LogFiles\HarddriveClone2.log.3
05.11.2022 18:17:17 - d:\Bachmann\Daten\OneDrive\Asus-PC-2018\Programmierung\Delphi\Sydney\Projekte\Minitools\HarddriveClone2\LogFiles\HarddriveClone2.log.4
05.11.2022 18:17:17 - d:\Bachmann\Daten\OneDrive\Asus-PC-2018\Programmierung\Delphi\Sydney\Projekte\Minitools\HarddriveClone2\LogFiles\HarddriveClone2.log.5
05.11.2022 18:17:18 - Dateien in Datenbank einlesen
05.11.2022 18:17:57 - 
05.11.2022 18:17:57 - ---------------------------------------------------------------------------------------------
05.11.2022 18:17:57 - Start Job: 8
05.11.2022 18:17:57 - Quelle: d:\Bachmann\Daten\OneDrive\Asus-PC-2018\Programmierung\Delphi\Sydney\Projekte\Minitools\HarddriveClone2\LogFiles\
05.11.2022 18:17:57 - Ziel: d:\temp4\
05.11.2022 18:18:10 - Festplatte einlesen: 
05.11.2022 18:21:31 - 
05.11.2022 18:21:31 - ---------------------------------------------------------------------------------------------
05.11.2022 18:21:31 - Start Job: 8
05.11.2022 18:21:31 - Quelle: d:\Bachmann\Daten\OneDrive\Asus-PC-2018\Programmierung\Delphi\Sydney\Projekte\Minitools\HarddriveClone2\LogFiles\
05.11.2022 18:21:31 - Ziel: d:\temp4\
05.11.2022 18:22:37 - 
05.11.2022 18:22:38 - ---------------------------------------------------------------------------------------------
05.11.2022 18:22:38 - Start Job: 8
05.11.2022 18:22:38 - Quelle: d:\Bachmann\Daten\OneDrive\Asus-PC-2018\Programmierung\Delphi\Sydney\Projekte\Minitools\HarddriveClone2\LogFiles\
05.11.2022 18:22:39 - Ziel: d:\temp4\
05.11.2022 18:23:25 - Festplatte einlesen: 
05.11.2022 18:26:22 - d:\Bachmann\Daten\OneDrive\Asus-PC-2018\Programmierung\Delphi\Sydney\Projekte\Minitools\HarddriveClone2\LogFiles\Hurra\HarddriveClone2.log.5
05.11.2022 18:26:30 - d:\Bachmann\Daten\OneDrive\Asus-PC-2018\Programmierung\Delphi\Sydney\Projekte\Minitools\HarddriveClone2\LogFiles\temp\PHOTOORGA.FDB
05.11.2022 18:26:33 - d:\Bachmann\Daten\OneDrive\Asus-PC-2018\Programmierung\Delphi\Sydney\Projekte\Minitools\HarddriveClone2\LogFiles\HarddriveClone2.log
05.11.2022 18:26:34 - d:\Bachmann\Daten\OneDrive\Asus-PC-2018\Programmierung\Delphi\Sydney\Projekte\Minitools\HarddriveClone2\LogFiles\HarddriveClone2.log.1
05.11.2022 18:26:35 - d:\Bachmann\Daten\OneDrive\Asus-PC-2018\Programmierung\Delphi\Sydney\Projekte\Minitools\HarddriveClone2\LogFiles\HarddriveClone2.log.2
05.11.2022 18:26:36 - d:\Bachmann\Daten\OneDrive\Asus-PC-2018\Programmierung\Delphi\Sydney\Projekte\Minitools\HarddriveClone2\LogFiles\HarddriveClone2.log.3
05.11.2022 18:26:36 - d:\Bachmann\Daten\OneDrive\Asus-PC-2018\Programmierung\Delphi\Sydney\Projekte\Minitools\HarddriveClone2\LogFiles\HarddriveClone2.log.4
05.11.2022 18:26:37 - d:\Bachmann\Daten\OneDrive\Asus-PC-2018\Programmierung\Delphi\Sydney\Projekte\Minitools\HarddriveClone2\LogFiles\HarddriveClone2.log.5
05.11.2022 18:26:39 - Dateien in Datenbank einlesen
06.11.2022 13:58:36 - 
06.11.2022 13:58:36 - ---------------------------------------------------------------------------------------------
06.11.2022 13:58:36 - Start Job: 8
06.11.2022 13:58:36 - Quelle: d:\Bachmann\Daten\OneDrive\Asus-PC-2018\Programmierung\Delphi\Sydney\Projekte\Minitools\HarddriveClone2\LogFiles\
06.11.2022 13:58:36 - Ziel: d:\temp4\
06.11.2022 13:59:32 - 
06.11.2022 13:59:32 - ---------------------------------------------------------------------------------------------
06.11.2022 13:59:32 - Start Job: 8
06.11.2022 13:59:32 - Quelle: d:\Bachmann\Daten\OneDrive\Asus-PC-2018\Programmierung\Delphi\Sydney\Projekte\Minitools\HarddriveClone2\LogFiles\
06.11.2022 13:59:32 - Ziel: d:\temp4\
06.11.2022 14:00:30 - 
06.11.2022 14:00:30 - ---------------------------------------------------------------------------------------------
06.11.2022 14:00:30 - Start Job: 8
06.11.2022 14:00:30 - Quelle: d:\Bachmann\Daten\OneDrive\Asus-PC-2018\Programmierung\Delphi\Sydney\Projekte\Minitools\HarddriveClone2\LogFiles\
06.11.2022 14:00:30 - Ziel: d:\temp4\
06.11.2022 14:00:46 - Festplatte einlesen: 
06.11.2022 14:00:47 - d:\Bachmann\Daten\OneDrive\Asus-PC-2018\Programmierung\Delphi\Sydney\Projekte\Minitools\HarddriveClone2\LogFiles\Hurra\HarddriveClone2.log.5
06.11.2022 14:00:47 - d:\Bachmann\Daten\OneDrive\Asus-PC-2018\Programmierung\Delphi\Sydney\Projekte\Minitools\HarddriveClone2\LogFiles\temp\PHOTOORGA.FDB
06.11.2022 14:00:47 - d:\Bachmann\Daten\OneDrive\Asus-PC-2018\Programmierung\Delphi\Sydney\Projekte\Minitools\HarddriveClone2\LogFiles\HarddriveClone2.log
06.11.2022 14:00:47 - d:\Bachmann\Daten\OneDrive\Asus-PC-2018\Programmierung\Delphi\Sydney\Projekte\Minitools\HarddriveClone2\LogFiles\HarddriveClone2.log.1
06.11.2022 14:00:47 - d:\Bachmann\Daten\OneDrive\Asus-PC-2018\Programmierung\Delphi\Sydney\Projekte\Minitools\HarddriveClone2\LogFiles\HarddriveClone2.log.2
06.11.2022 14:00:47 - d:\Bachmann\Daten\OneDrive\Asus-PC-2018\Programmierung\Delphi\Sydney\Projekte\Minitools\HarddriveClone2\LogFiles\HarddriveClone2.log.3
06.11.2022 14:00:47 - d:\Bachmann\Daten\OneDrive\Asus-PC-2018\Programmierung\Delphi\Sydney\Projekte\Minitools\HarddriveClone2\LogFiles\HarddriveClone2.log.4
06.11.2022 14:00:47 - d:\Bachmann\Daten\OneDrive\Asus-PC-2018\Programmierung\Delphi\Sydney\Projekte\Minitools\HarddriveClone2\LogFiles\HarddriveClone2.log.5
06.11.2022 14:00:47 - Dateien in Datenbank einlesen
06.11.2022 14:01:47 - d:\Bachmann\Daten\OneDrive\Asus-PC-2018\Programmierung\Delphi\Sydney\Projekte\Minitools\HarddriveClone2\LogFiles\temp\PHOTOORGA.FDB
06.11.2022 14:02:32 - d:\Bachmann\Daten\OneDrive\Asus-PC-2018\Programmierung\Delphi\Sydney\Projekte\Minitools\HarddriveClone2\LogFiles\HarddriveClone2.log
06.11.2022 14:02:32 - d:\Bachmann\Daten\OneDrive\Asus-PC-2018\Programmierung\Delphi\Sydney\Projekte\Minitools\HarddriveClone2\LogFiles\HarddriveClone2.log.1
06.11.2022 14:02:32 - d:\Bachmann\Daten\OneDrive\Asus-PC-2018\Programmierung\Delphi\Sydney\Projekte\Minitools\HarddriveClone2\LogFiles\HarddriveClone2.log.2
06.11.2022 14:02:32 - d:\Bachmann\Daten\OneDrive\Asus-PC-2018\Programmierung\Delphi\Sydney\Projekte\Minitools\HarddriveClone2\LogFiles\HarddriveClone2.log.3
06.11.2022 14:02:32 - d:\Bachmann\Daten\OneDrive\Asus-PC-2018\Programmierung\Delphi\Sydney\Projekte\Minitools\HarddriveClone2\LogFiles\HarddriveClone2.log.4
06.11.2022 14:02:32 - d:\Bachmann\Daten\OneDrive\Asus-PC-2018\Programmierung\Delphi\Sydney\Projekte\Minitools\HarddriveClone2\LogFiles\HarddriveClone2.log.5
06.11.2022 14:02:32 - Kopiere neue Dateien
06.11.2022 14:02:32 - d:\temp4\temp\PHOTOORGA.FDB
06.11.2022 14:02:32 - d:\temp4\HarddriveClone2.log
06.11.2022 14:02:32 - d:\temp4\HarddriveClone2.log.1
06.11.2022 14:02:32 - d:\temp4\HarddriveClone2.log.2
06.11.2022 14:02:32 - d:\temp4\HarddriveClone2.log.3
06.11.2022 14:02:33 - d:\temp4\HarddriveClone2.log.4
06.11.2022 14:02:33 - d:\temp4\HarddriveClone2.log.5
06.11.2022 14:02:33 - Kopiere ge‰nderte Dateien
06.11.2022 14:04:02 - 
06.11.2022 14:04:02 - ---------------------------------------------------------------------------------------------
06.11.2022 14:04:02 - Start Job: 8
06.11.2022 14:04:02 - Quelle: d:\Bachmann\Daten\OneDrive\Asus-PC-2018\Programmierung\Delphi\Sydney\Projekte\Minitools\HarddriveClone2\LogFiles\
06.11.2022 14:04:02 - Ziel: d:\temp4\
06.11.2022 14:04:09 - Festplatte einlesen: 
06.11.2022 14:04:09 - d:\Bachmann\Daten\OneDrive\Asus-PC-2018\Programmierung\Delphi\Sydney\Projekte\Minitools\HarddriveClone2\LogFiles\Hurra\HarddriveClone2.log.5
06.11.2022 14:04:09 - d:\Bachmann\Daten\OneDrive\Asus-PC-2018\Programmierung\Delphi\Sydney\Projekte\Minitools\HarddriveClone2\LogFiles\temp\PHOTOORGA.FDB
06.11.2022 14:04:09 - d:\Bachmann\Daten\OneDrive\Asus-PC-2018\Programmierung\Delphi\Sydney\Projekte\Minitools\HarddriveClone2\LogFiles\HarddriveClone2.log
06.11.2022 14:04:09 - d:\Bachmann\Daten\OneDrive\Asus-PC-2018\Programmierung\Delphi\Sydney\Projekte\Minitools\HarddriveClone2\LogFiles\HarddriveClone2.log.1
06.11.2022 14:04:09 - d:\Bachmann\Daten\OneDrive\Asus-PC-2018\Programmierung\Delphi\Sydney\Projekte\Minitools\HarddriveClone2\LogFiles\HarddriveClone2.log.2
06.11.2022 14:04:09 - d:\Bachmann\Daten\OneDrive\Asus-PC-2018\Programmierung\Delphi\Sydney\Projekte\Minitools\HarddriveClone2\LogFiles\HarddriveClone2.log.3
06.11.2022 14:04:09 - d:\Bachmann\Daten\OneDrive\Asus-PC-2018\Programmierung\Delphi\Sydney\Projekte\Minitools\HarddriveClone2\LogFiles\HarddriveClone2.log.4
06.11.2022 14:04:09 - d:\Bachmann\Daten\OneDrive\Asus-PC-2018\Programmierung\Delphi\Sydney\Projekte\Minitools\HarddriveClone2\LogFiles\HarddriveClone2.log.5
06.11.2022 14:04:09 - Dateien in Datenbank einlesen
06.11.2022 14:04:09 - d:\Bachmann\Daten\OneDrive\Asus-PC-2018\Programmierung\Delphi\Sydney\Projekte\Minitools\HarddriveClone2\LogFiles\temp\PHOTOORGA.FDB
06.11.2022 14:04:09 - d:\Bachmann\Daten\OneDrive\Asus-PC-2018\Programmierung\Delphi\Sydney\Projekte\Minitools\HarddriveClone2\LogFiles\HarddriveClone2.log
06.11.2022 14:04:09 - d:\Bachmann\Daten\OneDrive\Asus-PC-2018\Programmierung\Delphi\Sydney\Projekte\Minitools\HarddriveClone2\LogFiles\HarddriveClone2.log.1
06.11.2022 14:04:09 - d:\Bachmann\Daten\OneDrive\Asus-PC-2018\Programmierung\Delphi\Sydney\Projekte\Minitools\HarddriveClone2\LogFiles\HarddriveClone2.log.2
06.11.2022 14:04:09 - d:\Bachmann\Daten\OneDrive\Asus-PC-2018\Programmierung\Delphi\Sydney\Projekte\Minitools\HarddriveClone2\LogFiles\HarddriveClone2.log.3
06.11.2022 14:04:09 - d:\Bachmann\Daten\OneDrive\Asus-PC-2018\Programmierung\Delphi\Sydney\Projekte\Minitools\HarddriveClone2\LogFiles\HarddriveClone2.log.4
06.11.2022 14:04:09 - d:\Bachmann\Daten\OneDrive\Asus-PC-2018\Programmierung\Delphi\Sydney\Projekte\Minitools\HarddriveClone2\LogFiles\HarddriveClone2.log.5
06.11.2022 14:04:09 - Kopiere neue Dateien
06.11.2022 14:04:09 - Kopiere ge‰nderte Dateien
06.11.2022 14:04:39 - 
06.11.2022 14:04:39 - ---------------------------------------------------------------------------------------------
06.11.2022 14:04:39 - Start Job: 8
06.11.2022 14:04:39 - Quelle: d:\Bachmann\Daten\OneDrive\Asus-PC-2018\Programmierung\Delphi\Sydney\Projekte\Minitools\HarddriveClone2\LogFiles\
06.11.2022 14:04:39 - Ziel: d:\temp4\
06.11.2022 14:04:39 - Festplatte einlesen: 
06.11.2022 14:04:39 - d:\Bachmann\Daten\OneDrive\Asus-PC-2018\Programmierung\Delphi\Sydney\Projekte\Minitools\HarddriveClone2\LogFiles\Hurra\HarddriveClone2.log.5
06.11.2022 14:04:39 - d:\Bachmann\Daten\OneDrive\Asus-PC-2018\Programmierung\Delphi\Sydney\Projekte\Minitools\HarddriveClone2\LogFiles\temp\PHOTOORGA.FDB
06.11.2022 14:04:39 - d:\Bachmann\Daten\OneDrive\Asus-PC-2018\Programmierung\Delphi\Sydney\Projekte\Minitools\HarddriveClone2\LogFiles\HarddriveClone2.log
06.11.2022 14:04:39 - d:\Bachmann\Daten\OneDrive\Asus-PC-2018\Programmierung\Delphi\Sydney\Projekte\Minitools\HarddriveClone2\LogFiles\HarddriveClone2.log.1
06.11.2022 14:04:39 - d:\Bachmann\Daten\OneDrive\Asus-PC-2018\Programmierung\Delphi\Sydney\Projekte\Minitools\HarddriveClone2\LogFiles\HarddriveClone2.log.2
06.11.2022 14:04:39 - d:\Bachmann\Daten\OneDrive\Asus-PC-2018\Programmierung\Delphi\Sydney\Projekte\Minitools\HarddriveClone2\LogFiles\HarddriveClone2.log.3
06.11.2022 14:04:39 - d:\Bachmann\Daten\OneDrive\Asus-PC-2018\Programmierung\Delphi\Sydney\Projekte\Minitools\HarddriveClone2\LogFiles\HarddriveClone2.log.4
06.11.2022 14:04:39 - d:\Bachmann\Daten\OneDrive\Asus-PC-2018\Programmierung\Delphi\Sydney\Projekte\Minitools\HarddriveClone2\LogFiles\HarddriveClone2.log.5
06.11.2022 14:04:39 - Dateien in Datenbank einlesen
06.11.2022 14:04:39 - d:\Bachmann\Daten\OneDrive\Asus-PC-2018\Programmierung\Delphi\Sydney\Projekte\Minitools\HarddriveClone2\LogFiles\temp\PHOTOORGA.FDB
06.11.2022 14:04:39 - d:\Bachmann\Daten\OneDrive\Asus-PC-2018\Programmierung\Delphi\Sydney\Projekte\Minitools\HarddriveClone2\LogFiles\HarddriveClone2.log
06.11.2022 14:04:39 - d:\Bachmann\Daten\OneDrive\Asus-PC-2018\Programmierung\Delphi\Sydney\Projekte\Minitools\HarddriveClone2\LogFiles\HarddriveClone2.log.1
06.11.2022 14:04:39 - d:\Bachmann\Daten\OneDrive\Asus-PC-2018\Programmierung\Delphi\Sydney\Projekte\Minitools\HarddriveClone2\LogFiles\HarddriveClone2.log.2
06.11.2022 14:04:39 - d:\Bachmann\Daten\OneDrive\Asus-PC-2018\Programmierung\Delphi\Sydney\Projekte\Minitools\HarddriveClone2\LogFiles\HarddriveClone2.log.3
06.11.2022 14:04:39 - d:\Bachmann\Daten\OneDrive\Asus-PC-2018\Programmierung\Delphi\Sydney\Projekte\Minitools\HarddriveClone2\LogFiles\HarddriveClone2.log.4
06.11.2022 14:04:39 - d:\Bachmann\Daten\OneDrive\Asus-PC-2018\Programmierung\Delphi\Sydney\Projekte\Minitools\HarddriveClone2\LogFiles\HarddriveClone2.log.5
06.11.2022 14:04:39 - Kopiere neue Dateien
06.11.2022 14:04:39 - Kopiere ge‰nderte Dateien
06.11.2022 14:04:39 - d:\temp4\temp\PHOTOORGA.FDB
06.11.2022 14:04:39 - d:\temp4\HarddriveClone2.log
06.11.2022 14:04:39 - d:\temp4\HarddriveClone2.log.1
06.11.2022 14:04:39 - d:\temp4\HarddriveClone2.log.2
06.11.2022 14:04:39 - d:\temp4\HarddriveClone2.log.3
06.11.2022 14:04:39 - d:\temp4\HarddriveClone2.log.4
06.11.2022 14:04:39 - d:\temp4\HarddriveClone2.log.5
07.11.2022 19:57:14 - 
07.11.2022 19:57:14 - ---------------------------------------------------------------------------------------------
07.11.2022 19:57:14 - Start Job: 4
07.11.2022 19:57:14 - Quelle: D:\Bachmann\Verschieden\X\PHub\
07.11.2022 19:57:14 - Ziel: N:\HarddriveClone\x\Phub\
07.11.2022 19:57:16 - Festplatte einlesen: 
07.11.2022 19:57:16 - D:\Bachmann\Verschieden\X\PHub\500 Strokes\Goddess Allexandra - 500 Stroke .mp4
07.11.2022 19:57:16 - D:\Bachmann\Verschieden\X\PHub\500 Strokes\Goddess Allexandra - 500 Stroke Test.mp4
07.11.2022 19:57:16 - D:\Bachmann\Verschieden\X\PHub\500 Strokes\Goddess Allexandra - 500 Stroke Test_save.mp4
07.11.2022 19:57:16 - D:\Bachmann\Verschieden\X\PHub\500 Strokes\SchuylarWitch_Skys-500-Stroke-Challenge.mp4
07.11.2022 19:57:16 - D:\Bachmann\Verschieden\X\PHub\Alix Lynx\Alix Lynx - JOI Edging Game.mp4
07.11.2022 19:57:16 - D:\Bachmann\Verschieden\X\PHub\Angela Sommers\Angela_Sommers.mp4
07.11.2022 19:57:16 - D:\Bachmann\Verschieden\X\PHub\Asian\ Joi, Asian, Instructions_Card Game.mp4
07.11.2022 19:57:16 - D:\Bachmann\Verschieden\X\PHub\Asian\Red Light Game.mp4
07.11.2022 19:57:16 - D:\Bachmann\Verschieden\X\PHub\Asian\Red Light Game2.mp4
07.11.2022 19:57:16 - D:\Bachmann\Verschieden\X\PHub\Barbie\7 Seconds in Heaven.mp4
07.11.2022 19:57:16 - D:\Bachmann\Verschieden\X\PHub\Barbie\Ruuin.mp4
07.11.2022 19:57:16 - D:\Bachmann\Verschieden\X\PHub\Barbie\Strips4Strokes.mp4
07.11.2022 19:57:16 - D:\Bachmann\Verschieden\X\PHub\Blonde Hexe\BlondeHexe - Ich Mach Dich Zum Sper.mp4
07.11.2022 19:57:16 - D:\Bachmann\Verschieden\X\PHub\Blonde Hexe\Detailierte Anweisung.mp4
07.11.2022 19:57:16 - D:\Bachmann\Verschieden\X\PHub\Blonde Hexe\Detailierte Anweisung2.mp4
07.11.2022 19:57:16 - D:\Bachmann\Verschieden\X\PHub\Bratty Bunny\Drain Game-Short\Drain Game - Short.mp4
07.11.2022 19:57:17 - D:\Bachmann\Verschieden\X\PHub\Bratty Bunny\Bratty Bunny - Challenge Day 3 - Red Light Green Light.mp4
07.11.2022 19:57:17 - D:\Bachmann\Verschieden\X\PHub\Bratty Bunny\Bratty Bunny - DRAIN GAME JOI FINDOM.mp4
07.11.2022 19:57:17 - D:\Bachmann\Verschieden\X\PHub\Bratty Bunny\Bratty Bunny Stop And Go.mp4
07.11.2022 19:57:17 - D:\Bachmann\Verschieden\X\PHub\Bratty Bunny\Drain Game - Long.mp4
07.11.2022 19:57:17 - D:\Bachmann\Verschieden\X\PHub\Bratty Bunny\The Counting Game.m4v
07.11.2022 19:57:17 - D:\Bachmann\Verschieden\X\PHub\Brookelynne Briar\Brookelynne_Briar_-_red_light_green_light_stroke.mp4
07.11.2022 19:57:17 - D:\Bachmann\Verschieden\X\PHub\Brookelynne Briar\Edge O Meter JOI Challenge.mp4
07.11.2022 19:57:17 - D:\Bachmann\Verschieden\X\PHub\Brookelynne Briar\The Ultimate Edging Challenge.mp4
07.11.2022 19:57:17 - D:\Bachmann\Verschieden\X\PHub\Bunnie\The Honey Precum CEI Challange - Cei.mp4
07.11.2022 19:57:17 - D:\Bachmann\Verschieden\X\PHub\Canadian\Lilcanadiangirl - Sweet Edging.mp4
07.11.2022 19:57:17 - D:\Bachmann\Verschieden\X\PHub\Canadian\Lilcanadiangirl - Sweet Edging2.mp4
07.11.2022 19:57:17 - D:\Bachmann\Verschieden\X\PHub\Canadian\lilcanadiangirl_JOI-Challenge.mp4
07.11.2022 19:57:17 - D:\Bachmann\Verschieden\X\PHub\Christy Berrie\Christy Berrie - 52 Card CEI_3.mp4
07.11.2022 19:57:17 - D:\Bachmann\Verschieden\X\PHub\Clara Dee\7 Seconds in Heaven.mp4
07.11.2022 19:57:17 - D:\Bachmann\Verschieden\X\PHub\Clara Dee\Clara Dee_10-Seconds-to-Cum---Chastity-Games-4.mp4
07.11.2022 19:57:17 - D:\Bachmann\Verschieden\X\PHub\Clara Dee\Clara Dee_CG-8---How-Long-Will-You-Be-Locked.mp4
07.11.2022 19:57:17 - D:\Bachmann\Verschieden\X\PHub\Clara Dee\Clara Dee_Chastity-Games-15---5-Seconds-to-Stroke.mp4
07.11.2022 19:57:17 - D:\Bachmann\Verschieden\X\PHub\Clara Dee\Compressed_Clara Dee_10-Seconds-to-Cum---Chastity-Games-4.mp4
07.11.2022 19:57:17 - D:\Bachmann\Verschieden\X\PHub\Clara Dee\Compressed_Clara Dee_Chastity-Games-15---5-Seconds-to-Stroke.mp4
07.11.2022 19:57:17 - D:\Bachmann\Verschieden\X\PHub\Clara Dee\Don't let me Catch you - Schoolgirl.mp4
07.11.2022 19:57:17 - D:\Bachmann\Verschieden\X\PHub\Clara Dee\Strokes for Strips Langsam.mp4
07.11.2022 19:57:17 - D:\Bachmann\Verschieden\X\PHub\Clara Dee\Strokes for Strips Schnell.mp4
07.11.2022 19:57:17 - D:\Bachmann\Verschieden\X\PHub\ClaraCum\Cara Stop.mp4
07.11.2022 19:57:17 - D:\Bachmann\Verschieden\X\PHub\ClaraCum\Clara schnell.mp4
07.11.2022 19:57:17 - D:\Bachmann\Verschieden\X\PHub\Edge O Meter Challenge\Cum Twice, Edging and JOI Challenge.mp4
07.11.2022 19:57:17 - D:\Bachmann\Verschieden\X\PHub\Ellen Alvez\JOI Countdown Challenge ( Domination ).mp4
07.11.2022 19:57:17 - D:\Bachmann\Verschieden\X\PHub\Ellen Alvez\JOI COUNTDOWN CHALLENGE.mp4
07.11.2022 19:57:17 - D:\Bachmann\Verschieden\X\PHub\Ellie Idol\JOI Edging Card Game.mp4
07.11.2022 19:57:17 - D:\Bachmann\Verschieden\X\PHub\Ellie Idol\STOP N GO GAME OF CHANCE.mp4
07.11.2022 19:57:17 - D:\Bachmann\Verschieden\X\PHub\Evelin Stone\The Job Interview.mp4
07.11.2022 19:57:17 - D:\Bachmann\Verschieden\X\PHub\Evelin Stone\Versuche nicht zu... by Evelin Stone.mp4
07.11.2022 19:57:17 - D:\Bachmann\Verschieden\X\PHub\Evelin Stone\Your Shy Grilfriend by Evelin Stone.mp4
07.11.2022 19:57:17 - D:\Bachmann\Verschieden\X\PHub\Goddes Allexandra\Goddess Allexandra - Edge Over and Over.mp4
07.11.2022 19:57:17 - D:\Bachmann\Verschieden\X\PHub\Goddess Alexa\Amazing Dildo JOI - Stop and GO.mp4
07.11.2022 19:57:17 - D:\Bachmann\Verschieden\X\PHub\Goddess Alexa\CEI Substitute Teacher.mp4
07.11.2022 19:57:17 - D:\Bachmann\Verschieden\X\PHub\Goddess Alexa\Cum Eating Instructions - Cum On Your Face.mp4
07.11.2022 19:57:17 - D:\Bachmann\Verschieden\X\PHub\Goddess Alexa\Cum Guzzling.mp4
07.11.2022 19:57:17 - D:\Bachmann\Verschieden\X\PHub\Goddess Alexa\Cum On Your Face CEI.mp4
07.11.2022 19:57:17 - D:\Bachmann\Verschieden\X\PHub\Goddess Alexa\Date CEI - Date Makes You Eat Your Cum.mp4
07.11.2022 19:57:17 - D:\Bachmann\Verschieden\X\PHub\Goddess Alexa\Intense JOI Edging + CEI Ending.mp4
07.11.2022 19:57:17 - D:\Bachmann\Verschieden\X\PHub\Goddess Alexa\Intense JOI Edging - Stop and Go Jerk Off.mp4
07.11.2022 19:57:17 - D:\Bachmann\Verschieden\X\PHub\Goddess Alexa\Intense JOI Edging Stop and Go.mp4
07.11.2022 19:57:17 - D:\Bachmann\Verschieden\X\PHub\Goddess Alexa\Intense JOI Stop And Go Jerk Off Instructions#2.mp4
07.11.2022 19:57:17 - D:\Bachmann\Verschieden\X\PHub\Goddess Alexa\Metronome JOI.mp4
07.11.2022 19:57:17 - D:\Bachmann\Verschieden\X\PHub\Goddess Alexa\Perfect Ass JOI Stop and Go.mp4
07.11.2022 19:57:17 - D:\Bachmann\Verschieden\X\PHub\Goddess Alexa\Premature Ejaculation Countdown.mp4
07.11.2022 19:57:17 - D:\Bachmann\Verschieden\X\PHub\Goddess Alexa\Step Sis CEI.mp4
07.11.2022 19:57:17 - D:\Bachmann\Verschieden\X\PHub\Goddess Alexa\Watch actually eating your cum.mp4
07.11.2022 19:57:17 - D:\Bachmann\Verschieden\X\PHub\GoddessHasmik\Edging JOI Strip Tease.mp4
07.11.2022 19:57:17 - D:\Bachmann\Verschieden\X\PHub\Gween Black\JOI GAMES - THE RACE GAME - who will Cum First.mp4
07.11.2022 19:57:17 - D:\Bachmann\Verschieden\X\PHub\Gween Black\QUICK JOI - Jerk off Instructions - Unforgettable.mp4
07.11.2022 19:57:17 - D:\Bachmann\Verschieden\X\PHub\Hayley Marie Coppin\red light green light.mp4
07.11.2022 19:57:17 - D:\Bachmann\Verschieden\X\PHub\Julia softdome\EDGE PLAY CHALLENGE JOI.mp4
07.11.2022 19:57:17 - D:\Bachmann\Verschieden\X\PHub\Julia softdome\RED-GREEN LIGHT KEGEL EDGING JOI - DAY 6.mp4
07.11.2022 19:57:17 - D:\Bachmann\Verschieden\X\PHub\Julia softdome\Ruinierter Orgasmus. Permanenter Spermastrom.mp4
07.11.2022 19:57:17 - D:\Bachmann\Verschieden\X\PHub\Julia softdome\TWICE IS NICE JOI - DAY 10.com.mp4
07.11.2022 19:57:17 - D:\Bachmann\Verschieden\X\PHub\Julia softdome\ULTIMATE do not Cum CHALLENGE - DAY 9.mp4
07.11.2022 19:57:17 - D:\Bachmann\Verschieden\X\PHub\Julia softdome\Versuche Nicht Abzuspritzen.mp4
07.11.2022 19:57:17 - D:\Bachmann\Verschieden\X\PHub\JuliaJoi\RED-GREEN LIGHT KEGEL EDGING JOI.mp4
07.11.2022 19:57:17 - D:\Bachmann\Verschieden\X\PHub\Kelle Martina\1000 Stroke_Challenge_Long.mp4
07.11.2022 19:57:17 - D:\Bachmann\Verschieden\X\PHub\Kelle Martina\1000StrokeChallenge.mepx
07.11.2022 19:57:17 - D:\Bachmann\Verschieden\X\PHub\Kelle Martina\1000StrokeChallenge_Long_Short.mp4
07.11.2022 19:57:17 - D:\Bachmann\Verschieden\X\PHub\Kelle Martina\Kelle Martina_One-Thousand-Strokes-Challenge.mp4
07.11.2022 19:57:17 - D:\Bachmann\Verschieden\X\PHub\Lexie\Watch up and down Challenge (Zipper).mp4
07.11.2022 19:57:17 - D:\Bachmann\Verschieden\X\PHub\London Lix\LL Joi Card Game.mp4
07.11.2022 19:57:17 - D:\Bachmann\Verschieden\X\PHub\London Lix\London Lix - A Month Of Edging Cum Countdown.mp4
07.11.2022 19:57:17 - D:\Bachmann\Verschieden\X\PHub\London Lix\Miss London Lix - Stop and Go_[femdomxxx.net].mp4
07.11.2022 19:57:17 - D:\Bachmann\Verschieden\X\PHub\London Lix\Zuletzt, Heiﬂ Joi, Kante.mp4
07.11.2022 19:57:17 - D:\Bachmann\Verschieden\X\PHub\LongHairLuna\LongHairLuna - Edging Speed Control JOI Game.mp4 _treamtape.com.mp4
07.11.2022 19:57:17 - D:\Bachmann\Verschieden\X\PHub\Mandy Flores\7 Seconds in Heaven.mp4
07.11.2022 19:57:17 - D:\Bachmann\Verschieden\X\PHub\Mandy Flores\Mandy Flores - Strip and Stroke game.mp4
07.11.2022 19:57:17 - D:\Bachmann\Verschieden\X\PHub\Mandy Flores\Mandy Flores JOI 5 second Increments.mp4
07.11.2022 19:57:17 - D:\Bachmann\Verschieden\X\PHub\Mandy Flores\Mandy Flores ñ Cum If You Can.mp4
07.11.2022 19:57:17 - D:\Bachmann\Verschieden\X\PHub\Mandy Flores\Mandy Flores ñ Cum If You Can_Short.mp4
07.11.2022 19:57:17 - D:\Bachmann\Verschieden\X\PHub\Miss Julie\Ruined Orgasm Wheel Spin JOI Game.mp4
07.11.2022 19:57:17 - D:\Bachmann\Verschieden\X\PHub\Miss Julie\Stroke School Precise.mp4
07.11.2022 19:57:17 - D:\Bachmann\Verschieden\X\PHub\Mistress Lola\Mistress_Lola_Ruin.mp4
07.11.2022 19:57:17 - D:\Bachmann\Verschieden\X\PHub\Mona Blue\Stop and Go.mp4
07.11.2022 19:57:17 - D:\Bachmann\Verschieden\X\PHub\Natashas Bedroom\Dangerous_Edging_Cei.mp4
07.11.2022 19:57:17 - D:\Bachmann\Verschieden\X\PHub\Natashas Bedroom\Natashas Bedroom - Orgasm Trap.mp4
07.11.2022 19:57:17 - D:\Bachmann\Verschieden\X\PHub\NerdySadie\Card Game JOI with NerdySadie.mp4
07.11.2022 19:57:17 - D:\Bachmann\Verschieden\X\PHub\NerdySadie\Compressed_NerdySadie_Card-Game-JOI-2.mp4
07.11.2022 19:57:17 - D:\Bachmann\Verschieden\X\PHub\NerdySadie\Mache schneller, mache langsamer.mp4
07.11.2022 19:57:17 - D:\Bachmann\Verschieden\X\PHub\NerdySadie\NerdySadie_Card-Game-JOI-2.mov
07.11.2022 19:57:17 - D:\Bachmann\Verschieden\X\PHub\NerdySadie\Roll the Dice D20 JOI.mp4
07.11.2022 19:57:17 - D:\Bachmann\Verschieden\X\PHub\O0Pepper0o\Your Girlfriend gives you a JOI at the Library.mp4
07.11.2022 19:57:17 - D:\Bachmann\Verschieden\X\PHub\Princess Lexie\Zipper.mp4
07.11.2022 19:57:17 - D:\Bachmann\Verschieden\X\PHub\Princess Rene\Princess Rene 5 cum countdown.mp4
07.11.2022 19:57:17 - D:\Bachmann\Verschieden\X\PHub\Princess Rene\Watch PR JOI 1000.mp4
07.11.2022 19:57:17 - D:\Bachmann\Verschieden\X\PHub\Princess Rene\Watch Princess Rene Mind Games You Will Play.mp4
07.11.2022 19:57:17 - D:\Bachmann\Verschieden\X\PHub\Riley Reed\Watch Riley Reed joi - Joi, Teen, Cumshot.mp4
07.11.2022 19:57:17 - D:\Bachmann\Verschieden\X\PHub\Russell Grand\Russell Grand .mp4
07.11.2022 19:57:17 - D:\Bachmann\Verschieden\X\PHub\Schnitt\Drain Game - Short.mp4
07.11.2022 19:57:17 - D:\Bachmann\Verschieden\X\PHub\Step Mom\Role play Step-mom Leave for school.mp4
07.11.2022 19:57:17 - D:\Bachmann\Verschieden\X\PHub\Stop And Go\Stop And Go - DestinationKat.mp4
07.11.2022 19:57:17 - D:\Bachmann\Verschieden\X\PHub\Taya\Watch Taya joi - Taya, Goddess, Joi Game.mp4
07.11.2022 19:57:17 - D:\Bachmann\Verschieden\X\PHub\TeenyGinger\Dildo JOI (Stroke your Cock like this for Me).mp4
07.11.2022 19:57:17 - D:\Bachmann\Verschieden\X\PHub\TheMagicMuffin\Sehr Fieses Stop and go Geschwindigkeits Wichsen.mp4
07.11.2022 19:57:17 - D:\Bachmann\Verschieden\X\PHub\Valentine\Valentine's Day JOI.mp4
07.11.2022 19:57:17 - D:\Bachmann\Verschieden\X\PHub\Verschieden\30 Minute Edging JOI From Little Goddess.mp4
07.11.2022 19:57:17 - D:\Bachmann\Verschieden\X\PHub\Verschieden\5 Second game - Princess Kristi.mp4
07.11.2022 19:57:17 - D:\Bachmann\Verschieden\X\PHub\Verschieden\5 Second game joi.mp4
07.11.2022 19:57:17 - D:\Bachmann\Verschieden\X\PHub\Verschieden\Clara Dee_Ruined-Orgasm-JOI-Game---Clara-Dee-JOI.mp4
07.11.2022 19:57:17 - D:\Bachmann\Verschieden\X\PHub\Verschieden\Compressed_Destinationkat_Playing-A-Game-With-Me2.mp4
07.11.2022 19:57:17 - D:\Bachmann\Verschieden\X\PHub\Verschieden\Countdown to cum.mp4
07.11.2022 19:57:17 - D:\Bachmann\Verschieden\X\PHub\Verschieden\Destinationkat_Playing-A-Game-With-Me.mp4
07.11.2022 19:57:17 - D:\Bachmann\Verschieden\X\PHub\Verschieden\Edging JOI while Touching myself - don't Cum unti_- Pornhub.com.mp4
07.11.2022 19:57:17 - D:\Bachmann\Verschieden\X\PHub\Verschieden\Joi Counting Strokes.mp4
07.11.2022 19:57:17 - D:\Bachmann\Verschieden\X\PHub\Verschieden\JOI RED LIGHT GREEN LIGHT DENIAL - Pornhub.com.mp4
07.11.2022 19:57:17 - D:\Bachmann\Verschieden\X\PHub\Verschieden\JOI RED LIGHT GREEN LIGHT DENIAL.mp4
07.11.2022 19:57:17 - D:\Bachmann\Verschieden\X\PHub\Verschieden\JOI_ two Cum Countdowns.mp4
07.11.2022 19:57:17 - D:\Bachmann\Verschieden\X\PHub\Verschieden\Miss London Lix - Striptease Edging JOI and CEI_[femdomxxx.net].mp4
07.11.2022 19:57:17 - D:\Bachmann\Verschieden\X\PHub\Verschieden\Skinny teen Lucianna Karel in Czech Gang Orgy _ A_crosoft? Edge.mp4
07.11.2022 19:57:17 - D:\Bachmann\Verschieden\X\PHub\Verschieden\Sneak Peek Cam Show Edging Countdown.mp4
07.11.2022 19:57:17 - D:\Bachmann\Verschieden\X\PHub\Verschieden\StopAndGo.mp4
07.11.2022 19:57:17 - D:\Bachmann\Verschieden\X\PHub\Verschieden\StopAndGo2.mp4
07.11.2022 19:57:17 - D:\Bachmann\Verschieden\X\PHub\Verschieden\Toe wiggle ruin.mp4
07.11.2022 19:57:17 - D:\Bachmann\Verschieden\X\PHub\Verschieden\Ultimate Edging Challenge.mp4
07.11.2022 19:57:17 - D:\Bachmann\Verschieden\X\PHub\Verschieden\Wank It Now - Penny L - Red Light Green Light Game.mp4
07.11.2022 19:57:17 - D:\Bachmann\Verschieden\X\PHub\Verschieden\Watch 2nd best legs.mp4
07.11.2022 19:57:17 - D:\Bachmann\Verschieden\X\PHub\Verschieden\Watch AA You Deserve A Nice Reward.mp4
07.11.2022 19:57:17 - D:\Bachmann\Verschieden\X\PHub\Verschieden\Watch Angel Joi.mp4
07.11.2022 19:57:17 - D:\Bachmann\Verschieden\X\PHub\Verschieden\Watch Countdown JOI.mp4
07.11.2022 19:57:17 - D:\Bachmann\Verschieden\X\PHub\Verschieden\Watch Goddess Edging - Alexa Divina.mp4
07.11.2022 19:57:17 - D:\Bachmann\Verschieden\X\PHub\Verschieden\Watch JOI Bunnie Hughes.mp4
07.11.2022 19:57:17 - D:\Bachmann\Verschieden\X\PHub\Verschieden\Watch joi card game - including months in chasti.mp4
07.11.2022 19:57:17 - D:\Bachmann\Verschieden\X\PHub\Verschieden\Watch Meine Spiele.mp4
07.11.2022 19:57:17 - D:\Bachmann\Verschieden\X\PHub\Bratty+Bunny+-+JOI+Program+Week+2.mp4
07.11.2022 19:57:17 - D:\Bachmann\Verschieden\X\PHub\Bratty+Bunny+-+Try+to+Stop.mp4
07.11.2022 19:57:17 - D:\Bachmann\Verschieden\X\PHub\Eva de Vil - 5 Second Cum Challenge.mp4
07.11.2022 19:57:17 - D:\Bachmann\Verschieden\X\PHub\MissAlikaWhite_5-Seconds-at-a-Time-JOI-Game.mp4
07.11.2022 19:57:17 - Dateien in Datenbank einlesen
07.11.2022 19:58:54 - 
07.11.2022 19:58:55 - ---------------------------------------------------------------------------------------------
07.11.2022 19:58:55 - Start Job: 4
07.11.2022 19:58:56 - Quelle: D:\Bachmann\Verschieden\X\PHub\
07.11.2022 19:58:56 - Ziel: N:\HarddriveClone\x\Phub\
07.11.2022 19:59:09 - Festplatte einlesen: 
07.11.2022 19:59:13 - D:\Bachmann\Verschieden\X\PHub\500 Strokes\Goddess Allexandra - 500 Stroke .mp4
07.11.2022 19:59:13 - D:\Bachmann\Verschieden\X\PHub\500 Strokes\Goddess Allexandra - 500 Stroke Test.mp4
07.11.2022 19:59:13 - D:\Bachmann\Verschieden\X\PHub\500 Strokes\Goddess Allexandra - 500 Stroke Test_save.mp4
07.11.2022 19:59:13 - D:\Bachmann\Verschieden\X\PHub\500 Strokes\SchuylarWitch_Skys-500-Stroke-Challenge.mp4
07.11.2022 19:59:13 - D:\Bachmann\Verschieden\X\PHub\Alix Lynx\Alix Lynx - JOI Edging Game.mp4
07.11.2022 19:59:13 - D:\Bachmann\Verschieden\X\PHub\Angela Sommers\Angela_Sommers.mp4
07.11.2022 19:59:13 - D:\Bachmann\Verschieden\X\PHub\Asian\ Joi, Asian, Instructions_Card Game.mp4
07.11.2022 19:59:13 - D:\Bachmann\Verschieden\X\PHub\Asian\Red Light Game.mp4
07.11.2022 19:59:13 - D:\Bachmann\Verschieden\X\PHub\Asian\Red Light Game2.mp4
07.11.2022 19:59:13 - D:\Bachmann\Verschieden\X\PHub\Barbie\7 Seconds in Heaven.mp4
07.11.2022 19:59:13 - D:\Bachmann\Verschieden\X\PHub\Barbie\Ruuin.mp4
07.11.2022 19:59:13 - D:\Bachmann\Verschieden\X\PHub\Barbie\Strips4Strokes.mp4
07.11.2022 19:59:13 - D:\Bachmann\Verschieden\X\PHub\Blonde Hexe\BlondeHexe - Ich Mach Dich Zum Sper.mp4
07.11.2022 19:59:13 - D:\Bachmann\Verschieden\X\PHub\Blonde Hexe\Detailierte Anweisung.mp4
07.11.2022 19:59:13 - D:\Bachmann\Verschieden\X\PHub\Blonde Hexe\Detailierte Anweisung2.mp4
07.11.2022 19:59:13 - D:\Bachmann\Verschieden\X\PHub\Bratty Bunny\Drain Game-Short\Drain Game - Short.mp4
07.11.2022 19:59:13 - D:\Bachmann\Verschieden\X\PHub\Bratty Bunny\Bratty Bunny - Challenge Day 3 - Red Light Green Light.mp4
07.11.2022 19:59:13 - D:\Bachmann\Verschieden\X\PHub\Bratty Bunny\Bratty Bunny - DRAIN GAME JOI FINDOM.mp4
07.11.2022 19:59:13 - D:\Bachmann\Verschieden\X\PHub\Bratty Bunny\Bratty Bunny Stop And Go.mp4
07.11.2022 19:59:13 - D:\Bachmann\Verschieden\X\PHub\Bratty Bunny\Drain Game - Long.mp4
07.11.2022 19:59:13 - D:\Bachmann\Verschieden\X\PHub\Bratty Bunny\The Counting Game.m4v
07.11.2022 19:59:13 - D:\Bachmann\Verschieden\X\PHub\Brookelynne Briar\Brookelynne_Briar_-_red_light_green_light_stroke.mp4
07.11.2022 19:59:13 - D:\Bachmann\Verschieden\X\PHub\Brookelynne Briar\Edge O Meter JOI Challenge.mp4
07.11.2022 19:59:13 - D:\Bachmann\Verschieden\X\PHub\Brookelynne Briar\The Ultimate Edging Challenge.mp4
07.11.2022 19:59:13 - D:\Bachmann\Verschieden\X\PHub\Bunnie\The Honey Precum CEI Challange - Cei.mp4
07.11.2022 19:59:13 - D:\Bachmann\Verschieden\X\PHub\Canadian\Lilcanadiangirl - Sweet Edging.mp4
07.11.2022 19:59:13 - D:\Bachmann\Verschieden\X\PHub\Canadian\Lilcanadiangirl - Sweet Edging2.mp4
07.11.2022 19:59:13 - D:\Bachmann\Verschieden\X\PHub\Canadian\lilcanadiangirl_JOI-Challenge.mp4
07.11.2022 19:59:13 - D:\Bachmann\Verschieden\X\PHub\Christy Berrie\Christy Berrie - 52 Card CEI_3.mp4
07.11.2022 19:59:13 - D:\Bachmann\Verschieden\X\PHub\Clara Dee\7 Seconds in Heaven.mp4
07.11.2022 19:59:13 - D:\Bachmann\Verschieden\X\PHub\Clara Dee\Clara Dee_10-Seconds-to-Cum---Chastity-Games-4.mp4
07.11.2022 19:59:13 - D:\Bachmann\Verschieden\X\PHub\Clara Dee\Clara Dee_CG-8---How-Long-Will-You-Be-Locked.mp4
07.11.2022 19:59:13 - D:\Bachmann\Verschieden\X\PHub\Clara Dee\Clara Dee_Chastity-Games-15---5-Seconds-to-Stroke.mp4
07.11.2022 19:59:13 - D:\Bachmann\Verschieden\X\PHub\Clara Dee\Compressed_Clara Dee_10-Seconds-to-Cum---Chastity-Games-4.mp4
07.11.2022 19:59:13 - D:\Bachmann\Verschieden\X\PHub\Clara Dee\Compressed_Clara Dee_Chastity-Games-15---5-Seconds-to-Stroke.mp4
07.11.2022 19:59:13 - D:\Bachmann\Verschieden\X\PHub\Clara Dee\Don't let me Catch you - Schoolgirl.mp4
07.11.2022 19:59:13 - D:\Bachmann\Verschieden\X\PHub\Clara Dee\Strokes for Strips Langsam.mp4
07.11.2022 19:59:13 - D:\Bachmann\Verschieden\X\PHub\Clara Dee\Strokes for Strips Schnell.mp4
07.11.2022 19:59:13 - D:\Bachmann\Verschieden\X\PHub\ClaraCum\Cara Stop.mp4
07.11.2022 19:59:13 - D:\Bachmann\Verschieden\X\PHub\ClaraCum\Clara schnell.mp4
07.11.2022 19:59:13 - D:\Bachmann\Verschieden\X\PHub\Edge O Meter Challenge\Cum Twice, Edging and JOI Challenge.mp4
07.11.2022 19:59:13 - D:\Bachmann\Verschieden\X\PHub\Ellen Alvez\JOI Countdown Challenge ( Domination ).mp4
07.11.2022 19:59:13 - D:\Bachmann\Verschieden\X\PHub\Ellen Alvez\JOI COUNTDOWN CHALLENGE.mp4
07.11.2022 19:59:13 - D:\Bachmann\Verschieden\X\PHub\Ellie Idol\JOI Edging Card Game.mp4
07.11.2022 19:59:13 - D:\Bachmann\Verschieden\X\PHub\Ellie Idol\STOP N GO GAME OF CHANCE.mp4
07.11.2022 19:59:13 - D:\Bachmann\Verschieden\X\PHub\Evelin Stone\The Job Interview.mp4
07.11.2022 19:59:13 - D:\Bachmann\Verschieden\X\PHub\Evelin Stone\Versuche nicht zu... by Evelin Stone.mp4
07.11.2022 19:59:13 - D:\Bachmann\Verschieden\X\PHub\Evelin Stone\Your Shy Grilfriend by Evelin Stone.mp4
07.11.2022 19:59:13 - D:\Bachmann\Verschieden\X\PHub\Goddes Allexandra\Goddess Allexandra - Edge Over and Over.mp4
07.11.2022 19:59:13 - D:\Bachmann\Verschieden\X\PHub\Goddess Alexa\Amazing Dildo JOI - Stop and GO.mp4
07.11.2022 19:59:13 - D:\Bachmann\Verschieden\X\PHub\Goddess Alexa\CEI Substitute Teacher.mp4
07.11.2022 19:59:13 - D:\Bachmann\Verschieden\X\PHub\Goddess Alexa\Cum Eating Instructions - Cum On Your Face.mp4
07.11.2022 19:59:13 - D:\Bachmann\Verschieden\X\PHub\Goddess Alexa\Cum Guzzling.mp4
07.11.2022 19:59:13 - D:\Bachmann\Verschieden\X\PHub\Goddess Alexa\Cum On Your Face CEI.mp4
07.11.2022 19:59:13 - D:\Bachmann\Verschieden\X\PHub\Goddess Alexa\Date CEI - Date Makes You Eat Your Cum.mp4
07.11.2022 19:59:13 - D:\Bachmann\Verschieden\X\PHub\Goddess Alexa\Intense JOI Edging + CEI Ending.mp4
07.11.2022 19:59:13 - D:\Bachmann\Verschieden\X\PHub\Goddess Alexa\Intense JOI Edging - Stop and Go Jerk Off.mp4
07.11.2022 19:59:13 - D:\Bachmann\Verschieden\X\PHub\Goddess Alexa\Intense JOI Edging Stop and Go.mp4
07.11.2022 19:59:13 - D:\Bachmann\Verschieden\X\PHub\Goddess Alexa\Intense JOI Stop And Go Jerk Off Instructions#2.mp4
07.11.2022 19:59:13 - D:\Bachmann\Verschieden\X\PHub\Goddess Alexa\Metronome JOI.mp4
07.11.2022 19:59:14 - D:\Bachmann\Verschieden\X\PHub\Goddess Alexa\Perfect Ass JOI Stop and Go.mp4
07.11.2022 19:59:14 - D:\Bachmann\Verschieden\X\PHub\Goddess Alexa\Premature Ejaculation Countdown.mp4
07.11.2022 19:59:14 - D:\Bachmann\Verschieden\X\PHub\Goddess Alexa\Step Sis CEI.mp4
07.11.2022 19:59:14 - D:\Bachmann\Verschieden\X\PHub\Goddess Alexa\Watch actually eating your cum.mp4
07.11.2022 19:59:14 - D:\Bachmann\Verschieden\X\PHub\GoddessHasmik\Edging JOI Strip Tease.mp4
07.11.2022 19:59:14 - D:\Bachmann\Verschieden\X\PHub\Gween Black\JOI GAMES - THE RACE GAME - who will Cum First.mp4
07.11.2022 19:59:14 - D:\Bachmann\Verschieden\X\PHub\Gween Black\QUICK JOI - Jerk off Instructions - Unforgettable.mp4
07.11.2022 19:59:14 - D:\Bachmann\Verschieden\X\PHub\Hayley Marie Coppin\red light green light.mp4
07.11.2022 19:59:14 - D:\Bachmann\Verschieden\X\PHub\Julia softdome\EDGE PLAY CHALLENGE JOI.mp4
07.11.2022 19:59:14 - D:\Bachmann\Verschieden\X\PHub\Julia softdome\RED-GREEN LIGHT KEGEL EDGING JOI - DAY 6.mp4
07.11.2022 19:59:14 - D:\Bachmann\Verschieden\X\PHub\Julia softdome\Ruinierter Orgasmus. Permanenter Spermastrom.mp4
07.11.2022 19:59:14 - D:\Bachmann\Verschieden\X\PHub\Julia softdome\TWICE IS NICE JOI - DAY 10.com.mp4
07.11.2022 19:59:14 - D:\Bachmann\Verschieden\X\PHub\Julia softdome\ULTIMATE do not Cum CHALLENGE - DAY 9.mp4
07.11.2022 19:59:14 - D:\Bachmann\Verschieden\X\PHub\Julia softdome\Versuche Nicht Abzuspritzen.mp4
07.11.2022 19:59:14 - D:\Bachmann\Verschieden\X\PHub\JuliaJoi\RED-GREEN LIGHT KEGEL EDGING JOI.mp4
07.11.2022 19:59:14 - D:\Bachmann\Verschieden\X\PHub\Kelle Martina\1000 Stroke_Challenge_Long.mp4
07.11.2022 19:59:14 - D:\Bachmann\Verschieden\X\PHub\Kelle Martina\1000StrokeChallenge.mepx
07.11.2022 19:59:14 - D:\Bachmann\Verschieden\X\PHub\Kelle Martina\1000StrokeChallenge_Long_Short.mp4
07.11.2022 19:59:14 - D:\Bachmann\Verschieden\X\PHub\Kelle Martina\Kelle Martina_One-Thousand-Strokes-Challenge.mp4
07.11.2022 19:59:14 - D:\Bachmann\Verschieden\X\PHub\Lexie\Watch up and down Challenge (Zipper).mp4
07.11.2022 19:59:14 - D:\Bachmann\Verschieden\X\PHub\London Lix\LL Joi Card Game.mp4
07.11.2022 19:59:14 - D:\Bachmann\Verschieden\X\PHub\London Lix\London Lix - A Month Of Edging Cum Countdown.mp4
07.11.2022 19:59:14 - D:\Bachmann\Verschieden\X\PHub\London Lix\Miss London Lix - Stop and Go_[femdomxxx.net].mp4
07.11.2022 19:59:14 - D:\Bachmann\Verschieden\X\PHub\London Lix\Zuletzt, Heiﬂ Joi, Kante.mp4
07.11.2022 19:59:14 - D:\Bachmann\Verschieden\X\PHub\LongHairLuna\LongHairLuna - Edging Speed Control JOI Game.mp4 _treamtape.com.mp4
07.11.2022 19:59:14 - D:\Bachmann\Verschieden\X\PHub\Mandy Flores\7 Seconds in Heaven.mp4
07.11.2022 19:59:14 - D:\Bachmann\Verschieden\X\PHub\Mandy Flores\Mandy Flores - Strip and Stroke game.mp4
07.11.2022 19:59:14 - D:\Bachmann\Verschieden\X\PHub\Mandy Flores\Mandy Flores JOI 5 second Increments.mp4
07.11.2022 19:59:14 - D:\Bachmann\Verschieden\X\PHub\Mandy Flores\Mandy Flores ñ Cum If You Can.mp4
07.11.2022 19:59:14 - D:\Bachmann\Verschieden\X\PHub\Mandy Flores\Mandy Flores ñ Cum If You Can_Short.mp4
07.11.2022 19:59:14 - D:\Bachmann\Verschieden\X\PHub\Miss Julie\Ruined Orgasm Wheel Spin JOI Game.mp4
07.11.2022 19:59:14 - D:\Bachmann\Verschieden\X\PHub\Miss Julie\Stroke School Precise.mp4
07.11.2022 19:59:14 - D:\Bachmann\Verschieden\X\PHub\Mistress Lola\Mistress_Lola_Ruin.mp4
07.11.2022 19:59:14 - D:\Bachmann\Verschieden\X\PHub\Mona Blue\Stop and Go.mp4
07.11.2022 19:59:14 - D:\Bachmann\Verschieden\X\PHub\Natashas Bedroom\Dangerous_Edging_Cei.mp4
07.11.2022 19:59:14 - D:\Bachmann\Verschieden\X\PHub\Natashas Bedroom\Natashas Bedroom - Orgasm Trap.mp4
07.11.2022 19:59:14 - D:\Bachmann\Verschieden\X\PHub\NerdySadie\Card Game JOI with NerdySadie.mp4
07.11.2022 19:59:14 - D:\Bachmann\Verschieden\X\PHub\NerdySadie\Compressed_NerdySadie_Card-Game-JOI-2.mp4
07.11.2022 19:59:14 - D:\Bachmann\Verschieden\X\PHub\NerdySadie\Mache schneller, mache langsamer.mp4
07.11.2022 19:59:14 - D:\Bachmann\Verschieden\X\PHub\NerdySadie\NerdySadie_Card-Game-JOI-2.mov
07.11.2022 19:59:14 - D:\Bachmann\Verschieden\X\PHub\NerdySadie\Roll the Dice D20 JOI.mp4
07.11.2022 19:59:14 - D:\Bachmann\Verschieden\X\PHub\O0Pepper0o\Your Girlfriend gives you a JOI at the Library.mp4
07.11.2022 19:59:14 - D:\Bachmann\Verschieden\X\PHub\Princess Lexie\Zipper.mp4
07.11.2022 19:59:14 - D:\Bachmann\Verschieden\X\PHub\Princess Rene\Princess Rene 5 cum countdown.mp4
07.11.2022 19:59:14 - D:\Bachmann\Verschieden\X\PHub\Princess Rene\Watch PR JOI 1000.mp4
07.11.2022 19:59:14 - D:\Bachmann\Verschieden\X\PHub\Princess Rene\Watch Princess Rene Mind Games You Will Play.mp4
07.11.2022 19:59:14 - D:\Bachmann\Verschieden\X\PHub\Riley Reed\Watch Riley Reed joi - Joi, Teen, Cumshot.mp4
07.11.2022 19:59:14 - D:\Bachmann\Verschieden\X\PHub\Russell Grand\Russell Grand .mp4
07.11.2022 19:59:14 - D:\Bachmann\Verschieden\X\PHub\Schnitt\Drain Game - Short.mp4
07.11.2022 19:59:14 - D:\Bachmann\Verschieden\X\PHub\Step Mom\Role play Step-mom Leave for school.mp4
07.11.2022 19:59:14 - D:\Bachmann\Verschieden\X\PHub\Stop And Go\Stop And Go - DestinationKat.mp4
07.11.2022 19:59:14 - D:\Bachmann\Verschieden\X\PHub\Taya\Watch Taya joi - Taya, Goddess, Joi Game.mp4
07.11.2022 19:59:14 - D:\Bachmann\Verschieden\X\PHub\TeenyGinger\Dildo JOI (Stroke your Cock like this for Me).mp4
07.11.2022 19:59:14 - D:\Bachmann\Verschieden\X\PHub\TheMagicMuffin\Sehr Fieses Stop and go Geschwindigkeits Wichsen.mp4
07.11.2022 19:59:14 - D:\Bachmann\Verschieden\X\PHub\Valentine\Valentine's Day JOI.mp4
07.11.2022 19:59:14 - D:\Bachmann\Verschieden\X\PHub\Verschieden\30 Minute Edging JOI From Little Goddess.mp4
07.11.2022 19:59:14 - D:\Bachmann\Verschieden\X\PHub\Verschieden\5 Second game - Princess Kristi.mp4
07.11.2022 19:59:14 - D:\Bachmann\Verschieden\X\PHub\Verschieden\5 Second game joi.mp4
07.11.2022 19:59:14 - D:\Bachmann\Verschieden\X\PHub\Verschieden\Clara Dee_Ruined-Orgasm-JOI-Game---Clara-Dee-JOI.mp4
07.11.2022 19:59:14 - D:\Bachmann\Verschieden\X\PHub\Verschieden\Compressed_Destinationkat_Playing-A-Game-With-Me2.mp4
07.11.2022 19:59:14 - D:\Bachmann\Verschieden\X\PHub\Verschieden\Countdown to cum.mp4
07.11.2022 19:59:14 - D:\Bachmann\Verschieden\X\PHub\Verschieden\Destinationkat_Playing-A-Game-With-Me.mp4
07.11.2022 19:59:14 - D:\Bachmann\Verschieden\X\PHub\Verschieden\Edging JOI while Touching myself - don't Cum unti_- Pornhub.com.mp4
07.11.2022 19:59:14 - D:\Bachmann\Verschieden\X\PHub\Verschieden\Joi Counting Strokes.mp4
07.11.2022 19:59:14 - D:\Bachmann\Verschieden\X\PHub\Verschieden\JOI RED LIGHT GREEN LIGHT DENIAL - Pornhub.com.mp4
07.11.2022 19:59:14 - D:\Bachmann\Verschieden\X\PHub\Verschieden\JOI RED LIGHT GREEN LIGHT DENIAL.mp4
07.11.2022 19:59:14 - D:\Bachmann\Verschieden\X\PHub\Verschieden\JOI_ two Cum Countdowns.mp4
07.11.2022 19:59:14 - D:\Bachmann\Verschieden\X\PHub\Verschieden\Miss London Lix - Striptease Edging JOI and CEI_[femdomxxx.net].mp4
07.11.2022 19:59:14 - D:\Bachmann\Verschieden\X\PHub\Verschieden\Skinny teen Lucianna Karel in Czech Gang Orgy _ A_crosoft? Edge.mp4
07.11.2022 19:59:14 - D:\Bachmann\Verschieden\X\PHub\Verschieden\Sneak Peek Cam Show Edging Countdown.mp4
07.11.2022 19:59:14 - D:\Bachmann\Verschieden\X\PHub\Verschieden\StopAndGo.mp4
07.11.2022 19:59:14 - D:\Bachmann\Verschieden\X\PHub\Verschieden\StopAndGo2.mp4
07.11.2022 19:59:14 - D:\Bachmann\Verschieden\X\PHub\Verschieden\Toe wiggle ruin.mp4
07.11.2022 19:59:14 - D:\Bachmann\Verschieden\X\PHub\Verschieden\Ultimate Edging Challenge.mp4
07.11.2022 19:59:14 - D:\Bachmann\Verschieden\X\PHub\Verschieden\Wank It Now - Penny L - Red Light Green Light Game.mp4
07.11.2022 19:59:14 - D:\Bachmann\Verschieden\X\PHub\Verschieden\Watch 2nd best legs.mp4
07.11.2022 19:59:14 - D:\Bachmann\Verschieden\X\PHub\Verschieden\Watch AA You Deserve A Nice Reward.mp4
07.11.2022 19:59:14 - D:\Bachmann\Verschieden\X\PHub\Verschieden\Watch Angel Joi.mp4
07.11.2022 19:59:14 - D:\Bachmann\Verschieden\X\PHub\Verschieden\Watch Countdown JOI.mp4
07.11.2022 19:59:14 - D:\Bachmann\Verschieden\X\PHub\Verschieden\Watch Goddess Edging - Alexa Divina.mp4
07.11.2022 19:59:14 - D:\Bachmann\Verschieden\X\PHub\Verschieden\Watch JOI Bunnie Hughes.mp4
07.11.2022 19:59:14 - D:\Bachmann\Verschieden\X\PHub\Verschieden\Watch joi card game - including months in chasti.mp4
07.11.2022 19:59:14 - D:\Bachmann\Verschieden\X\PHub\Verschieden\Watch Meine Spiele.mp4
07.11.2022 19:59:14 - D:\Bachmann\Verschieden\X\PHub\Bratty+Bunny+-+JOI+Program+Week+2.mp4
07.11.2022 19:59:14 - D:\Bachmann\Verschieden\X\PHub\Bratty+Bunny+-+Try+to+Stop.mp4
07.11.2022 19:59:14 - D:\Bachmann\Verschieden\X\PHub\Eva de Vil - 5 Second Cum Challenge.mp4
07.11.2022 19:59:14 - D:\Bachmann\Verschieden\X\PHub\MissAlikaWhite_5-Seconds-at-a-Time-JOI-Game.mp4
07.11.2022 19:59:14 - Dateien in Datenbank einlesen
07.11.2022 19:59:51 - 
07.11.2022 19:59:51 - ---------------------------------------------------------------------------------------------
07.11.2022 19:59:51 - Start Job: 4
07.11.2022 19:59:52 - Quelle: D:\Bachmann\Verschieden\X\PHub\
07.11.2022 19:59:52 - Ziel: N:\HarddriveClone\x\Phub\
07.11.2022 19:59:59 - Festplatte einlesen: 
07.11.2022 20:00:01 - D:\Bachmann\Verschieden\X\PHub\500 Strokes\Goddess Allexandra - 500 Stroke .mp4
07.11.2022 20:00:01 - D:\Bachmann\Verschieden\X\PHub\500 Strokes\Goddess Allexandra - 500 Stroke Test.mp4
07.11.2022 20:00:01 - D:\Bachmann\Verschieden\X\PHub\500 Strokes\Goddess Allexandra - 500 Stroke Test_save.mp4
07.11.2022 20:00:01 - D:\Bachmann\Verschieden\X\PHub\500 Strokes\SchuylarWitch_Skys-500-Stroke-Challenge.mp4
07.11.2022 20:00:01 - D:\Bachmann\Verschieden\X\PHub\Alix Lynx\Alix Lynx - JOI Edging Game.mp4
07.11.2022 20:00:01 - D:\Bachmann\Verschieden\X\PHub\Angela Sommers\Angela_Sommers.mp4
07.11.2022 20:00:01 - D:\Bachmann\Verschieden\X\PHub\Asian\ Joi, Asian, Instructions_Card Game.mp4
07.11.2022 20:00:01 - D:\Bachmann\Verschieden\X\PHub\Asian\Red Light Game.mp4
07.11.2022 20:00:01 - D:\Bachmann\Verschieden\X\PHub\Asian\Red Light Game2.mp4
07.11.2022 20:00:01 - D:\Bachmann\Verschieden\X\PHub\Barbie\7 Seconds in Heaven.mp4
07.11.2022 20:00:01 - D:\Bachmann\Verschieden\X\PHub\Barbie\Ruuin.mp4
07.11.2022 20:00:01 - D:\Bachmann\Verschieden\X\PHub\Barbie\Strips4Strokes.mp4
07.11.2022 20:00:01 - D:\Bachmann\Verschieden\X\PHub\Blonde Hexe\BlondeHexe - Ich Mach Dich Zum Sper.mp4
07.11.2022 20:00:01 - D:\Bachmann\Verschieden\X\PHub\Blonde Hexe\Detailierte Anweisung.mp4
07.11.2022 20:00:01 - D:\Bachmann\Verschieden\X\PHub\Blonde Hexe\Detailierte Anweisung2.mp4
07.11.2022 20:00:01 - D:\Bachmann\Verschieden\X\PHub\Bratty Bunny\Drain Game-Short\Drain Game - Short.mp4
07.11.2022 20:00:01 - D:\Bachmann\Verschieden\X\PHub\Bratty Bunny\Bratty Bunny - Challenge Day 3 - Red Light Green Light.mp4
07.11.2022 20:00:01 - D:\Bachmann\Verschieden\X\PHub\Bratty Bunny\Bratty Bunny - DRAIN GAME JOI FINDOM.mp4
07.11.2022 20:00:01 - D:\Bachmann\Verschieden\X\PHub\Bratty Bunny\Bratty Bunny Stop And Go.mp4
07.11.2022 20:00:01 - D:\Bachmann\Verschieden\X\PHub\Bratty Bunny\Drain Game - Long.mp4
07.11.2022 20:00:01 - D:\Bachmann\Verschieden\X\PHub\Bratty Bunny\The Counting Game.m4v
07.11.2022 20:00:01 - D:\Bachmann\Verschieden\X\PHub\Brookelynne Briar\Brookelynne_Briar_-_red_light_green_light_stroke.mp4
07.11.2022 20:00:01 - D:\Bachmann\Verschieden\X\PHub\Brookelynne Briar\Edge O Meter JOI Challenge.mp4
07.11.2022 20:00:01 - D:\Bachmann\Verschieden\X\PHub\Brookelynne Briar\The Ultimate Edging Challenge.mp4
07.11.2022 20:00:01 - D:\Bachmann\Verschieden\X\PHub\Bunnie\The Honey Precum CEI Challange - Cei.mp4
07.11.2022 20:00:01 - D:\Bachmann\Verschieden\X\PHub\Canadian\Lilcanadiangirl - Sweet Edging.mp4
07.11.2022 20:00:01 - D:\Bachmann\Verschieden\X\PHub\Canadian\Lilcanadiangirl - Sweet Edging2.mp4
07.11.2022 20:00:01 - D:\Bachmann\Verschieden\X\PHub\Canadian\lilcanadiangirl_JOI-Challenge.mp4
07.11.2022 20:00:01 - D:\Bachmann\Verschieden\X\PHub\Christy Berrie\Christy Berrie - 52 Card CEI_3.mp4
07.11.2022 20:00:01 - D:\Bachmann\Verschieden\X\PHub\Clara Dee\7 Seconds in Heaven.mp4
07.11.2022 20:00:01 - D:\Bachmann\Verschieden\X\PHub\Clara Dee\Clara Dee_10-Seconds-to-Cum---Chastity-Games-4.mp4
07.11.2022 20:00:01 - D:\Bachmann\Verschieden\X\PHub\Clara Dee\Clara Dee_CG-8---How-Long-Will-You-Be-Locked.mp4
07.11.2022 20:00:01 - D:\Bachmann\Verschieden\X\PHub\Clara Dee\Clara Dee_Chastity-Games-15---5-Seconds-to-Stroke.mp4
07.11.2022 20:00:01 - D:\Bachmann\Verschieden\X\PHub\Clara Dee\Compressed_Clara Dee_10-Seconds-to-Cum---Chastity-Games-4.mp4
07.11.2022 20:00:01 - D:\Bachmann\Verschieden\X\PHub\Clara Dee\Compressed_Clara Dee_Chastity-Games-15---5-Seconds-to-Stroke.mp4
07.11.2022 20:00:01 - D:\Bachmann\Verschieden\X\PHub\Clara Dee\Don't let me Catch you - Schoolgirl.mp4
07.11.2022 20:00:01 - D:\Bachmann\Verschieden\X\PHub\Clara Dee\Strokes for Strips Langsam.mp4
07.11.2022 20:00:01 - D:\Bachmann\Verschieden\X\PHub\Clara Dee\Strokes for Strips Schnell.mp4
07.11.2022 20:00:01 - D:\Bachmann\Verschieden\X\PHub\ClaraCum\Cara Stop.mp4
07.11.2022 20:00:01 - D:\Bachmann\Verschieden\X\PHub\ClaraCum\Clara schnell.mp4
07.11.2022 20:00:01 - D:\Bachmann\Verschieden\X\PHub\Edge O Meter Challenge\Cum Twice, Edging and JOI Challenge.mp4
07.11.2022 20:00:01 - D:\Bachmann\Verschieden\X\PHub\Ellen Alvez\JOI Countdown Challenge ( Domination ).mp4
07.11.2022 20:00:01 - D:\Bachmann\Verschieden\X\PHub\Ellen Alvez\JOI COUNTDOWN CHALLENGE.mp4
07.11.2022 20:00:01 - D:\Bachmann\Verschieden\X\PHub\Ellie Idol\JOI Edging Card Game.mp4
07.11.2022 20:00:01 - D:\Bachmann\Verschieden\X\PHub\Ellie Idol\STOP N GO GAME OF CHANCE.mp4
07.11.2022 20:00:01 - D:\Bachmann\Verschieden\X\PHub\Evelin Stone\The Job Interview.mp4
07.11.2022 20:00:01 - D:\Bachmann\Verschieden\X\PHub\Evelin Stone\Versuche nicht zu... by Evelin Stone.mp4
07.11.2022 20:00:01 - D:\Bachmann\Verschieden\X\PHub\Evelin Stone\Your Shy Grilfriend by Evelin Stone.mp4
07.11.2022 20:00:01 - D:\Bachmann\Verschieden\X\PHub\Goddes Allexandra\Goddess Allexandra - Edge Over and Over.mp4
07.11.2022 20:00:01 - D:\Bachmann\Verschieden\X\PHub\Goddess Alexa\Amazing Dildo JOI - Stop and GO.mp4
07.11.2022 20:00:01 - D:\Bachmann\Verschieden\X\PHub\Goddess Alexa\CEI Substitute Teacher.mp4
07.11.2022 20:00:01 - D:\Bachmann\Verschieden\X\PHub\Goddess Alexa\Cum Eating Instructions - Cum On Your Face.mp4
07.11.2022 20:00:01 - D:\Bachmann\Verschieden\X\PHub\Goddess Alexa\Cum Guzzling.mp4
07.11.2022 20:00:01 - D:\Bachmann\Verschieden\X\PHub\Goddess Alexa\Cum On Your Face CEI.mp4
07.11.2022 20:00:01 - D:\Bachmann\Verschieden\X\PHub\Goddess Alexa\Date CEI - Date Makes You Eat Your Cum.mp4
07.11.2022 20:00:01 - D:\Bachmann\Verschieden\X\PHub\Goddess Alexa\Intense JOI Edging + CEI Ending.mp4
07.11.2022 20:00:01 - D:\Bachmann\Verschieden\X\PHub\Goddess Alexa\Intense JOI Edging - Stop and Go Jerk Off.mp4
07.11.2022 20:00:01 - D:\Bachmann\Verschieden\X\PHub\Goddess Alexa\Intense JOI Edging Stop and Go.mp4
07.11.2022 20:00:01 - D:\Bachmann\Verschieden\X\PHub\Goddess Alexa\Intense JOI Stop And Go Jerk Off Instructions#2.mp4
07.11.2022 20:00:01 - D:\Bachmann\Verschieden\X\PHub\Goddess Alexa\Metronome JOI.mp4
07.11.2022 20:00:01 - D:\Bachmann\Verschieden\X\PHub\Goddess Alexa\Perfect Ass JOI Stop and Go.mp4
07.11.2022 20:00:01 - D:\Bachmann\Verschieden\X\PHub\Goddess Alexa\Premature Ejaculation Countdown.mp4
07.11.2022 20:00:01 - D:\Bachmann\Verschieden\X\PHub\Goddess Alexa\Step Sis CEI.mp4
07.11.2022 20:00:01 - D:\Bachmann\Verschieden\X\PHub\Goddess Alexa\Watch actually eating your cum.mp4
07.11.2022 20:00:01 - D:\Bachmann\Verschieden\X\PHub\GoddessHasmik\Edging JOI Strip Tease.mp4
07.11.2022 20:00:01 - D:\Bachmann\Verschieden\X\PHub\Gween Black\JOI GAMES - THE RACE GAME - who will Cum First.mp4
07.11.2022 20:00:01 - D:\Bachmann\Verschieden\X\PHub\Gween Black\QUICK JOI - Jerk off Instructions - Unforgettable.mp4
07.11.2022 20:00:01 - D:\Bachmann\Verschieden\X\PHub\Hayley Marie Coppin\red light green light.mp4
07.11.2022 20:00:01 - D:\Bachmann\Verschieden\X\PHub\Julia softdome\EDGE PLAY CHALLENGE JOI.mp4
07.11.2022 20:00:01 - D:\Bachmann\Verschieden\X\PHub\Julia softdome\RED-GREEN LIGHT KEGEL EDGING JOI - DAY 6.mp4
07.11.2022 20:00:01 - D:\Bachmann\Verschieden\X\PHub\Julia softdome\Ruinierter Orgasmus. Permanenter Spermastrom.mp4
07.11.2022 20:00:01 - D:\Bachmann\Verschieden\X\PHub\Julia softdome\TWICE IS NICE JOI - DAY 10.com.mp4
07.11.2022 20:00:01 - D:\Bachmann\Verschieden\X\PHub\Julia softdome\ULTIMATE do not Cum CHALLENGE - DAY 9.mp4
07.11.2022 20:00:01 - D:\Bachmann\Verschieden\X\PHub\Julia softdome\Versuche Nicht Abzuspritzen.mp4
07.11.2022 20:00:01 - D:\Bachmann\Verschieden\X\PHub\JuliaJoi\RED-GREEN LIGHT KEGEL EDGING JOI.mp4
07.11.2022 20:00:01 - D:\Bachmann\Verschieden\X\PHub\Kelle Martina\1000 Stroke_Challenge_Long.mp4
07.11.2022 20:00:01 - D:\Bachmann\Verschieden\X\PHub\Kelle Martina\1000StrokeChallenge.mepx
07.11.2022 20:00:01 - D:\Bachmann\Verschieden\X\PHub\Kelle Martina\1000StrokeChallenge_Long_Short.mp4
07.11.2022 20:00:01 - D:\Bachmann\Verschieden\X\PHub\Kelle Martina\Kelle Martina_One-Thousand-Strokes-Challenge.mp4
07.11.2022 20:00:01 - D:\Bachmann\Verschieden\X\PHub\Lexie\Watch up and down Challenge (Zipper).mp4
07.11.2022 20:00:01 - D:\Bachmann\Verschieden\X\PHub\London Lix\LL Joi Card Game.mp4
07.11.2022 20:00:01 - D:\Bachmann\Verschieden\X\PHub\London Lix\London Lix - A Month Of Edging Cum Countdown.mp4
07.11.2022 20:00:01 - D:\Bachmann\Verschieden\X\PHub\London Lix\Miss London Lix - Stop and Go_[femdomxxx.net].mp4
07.11.2022 20:00:01 - D:\Bachmann\Verschieden\X\PHub\London Lix\Zuletzt, Heiﬂ Joi, Kante.mp4
07.11.2022 20:00:01 - D:\Bachmann\Verschieden\X\PHub\LongHairLuna\LongHairLuna - Edging Speed Control JOI Game.mp4 _treamtape.com.mp4
07.11.2022 20:00:01 - D:\Bachmann\Verschieden\X\PHub\Mandy Flores\7 Seconds in Heaven.mp4
07.11.2022 20:00:01 - D:\Bachmann\Verschieden\X\PHub\Mandy Flores\Mandy Flores - Strip and Stroke game.mp4
07.11.2022 20:00:01 - D:\Bachmann\Verschieden\X\PHub\Mandy Flores\Mandy Flores JOI 5 second Increments.mp4
07.11.2022 20:00:01 - D:\Bachmann\Verschieden\X\PHub\Mandy Flores\Mandy Flores ñ Cum If You Can.mp4
07.11.2022 20:00:01 - D:\Bachmann\Verschieden\X\PHub\Mandy Flores\Mandy Flores ñ Cum If You Can_Short.mp4
07.11.2022 20:00:01 - D:\Bachmann\Verschieden\X\PHub\Miss Julie\Ruined Orgasm Wheel Spin JOI Game.mp4
07.11.2022 20:00:01 - D:\Bachmann\Verschieden\X\PHub\Miss Julie\Stroke School Precise.mp4
07.11.2022 20:00:01 - D:\Bachmann\Verschieden\X\PHub\Mistress Lola\Mistress_Lola_Ruin.mp4
07.11.2022 20:00:01 - D:\Bachmann\Verschieden\X\PHub\Mona Blue\Stop and Go.mp4
07.11.2022 20:00:01 - D:\Bachmann\Verschieden\X\PHub\Natashas Bedroom\Dangerous_Edging_Cei.mp4
07.11.2022 20:00:01 - D:\Bachmann\Verschieden\X\PHub\Natashas Bedroom\Natashas Bedroom - Orgasm Trap.mp4
07.11.2022 20:00:01 - D:\Bachmann\Verschieden\X\PHub\NerdySadie\Card Game JOI with NerdySadie.mp4
07.11.2022 20:00:01 - D:\Bachmann\Verschieden\X\PHub\NerdySadie\Compressed_NerdySadie_Card-Game-JOI-2.mp4
07.11.2022 20:00:01 - D:\Bachmann\Verschieden\X\PHub\NerdySadie\Mache schneller, mache langsamer.mp4
07.11.2022 20:00:01 - D:\Bachmann\Verschieden\X\PHub\NerdySadie\NerdySadie_Card-Game-JOI-2.mov
07.11.2022 20:00:01 - D:\Bachmann\Verschieden\X\PHub\NerdySadie\Roll the Dice D20 JOI.mp4
07.11.2022 20:00:01 - D:\Bachmann\Verschieden\X\PHub\O0Pepper0o\Your Girlfriend gives you a JOI at the Library.mp4
07.11.2022 20:00:01 - D:\Bachmann\Verschieden\X\PHub\Princess Lexie\Zipper.mp4
07.11.2022 20:00:01 - D:\Bachmann\Verschieden\X\PHub\Princess Rene\Princess Rene 5 cum countdown.mp4
07.11.2022 20:00:01 - D:\Bachmann\Verschieden\X\PHub\Princess Rene\Watch PR JOI 1000.mp4
07.11.2022 20:00:01 - D:\Bachmann\Verschieden\X\PHub\Princess Rene\Watch Princess Rene Mind Games You Will Play.mp4
07.11.2022 20:00:01 - D:\Bachmann\Verschieden\X\PHub\Riley Reed\Watch Riley Reed joi - Joi, Teen, Cumshot.mp4
07.11.2022 20:00:01 - D:\Bachmann\Verschieden\X\PHub\Russell Grand\Russell Grand .mp4
07.11.2022 20:00:01 - D:\Bachmann\Verschieden\X\PHub\Schnitt\Drain Game - Short.mp4
07.11.2022 20:00:01 - D:\Bachmann\Verschieden\X\PHub\Step Mom\Role play Step-mom Leave for school.mp4
07.11.2022 20:00:01 - D:\Bachmann\Verschieden\X\PHub\Stop And Go\Stop And Go - DestinationKat.mp4
07.11.2022 20:00:01 - D:\Bachmann\Verschieden\X\PHub\Taya\Watch Taya joi - Taya, Goddess, Joi Game.mp4
07.11.2022 20:00:01 - D:\Bachmann\Verschieden\X\PHub\TeenyGinger\Dildo JOI (Stroke your Cock like this for Me).mp4
07.11.2022 20:00:01 - D:\Bachmann\Verschieden\X\PHub\TheMagicMuffin\Sehr Fieses Stop and go Geschwindigkeits Wichsen.mp4
07.11.2022 20:00:01 - D:\Bachmann\Verschieden\X\PHub\Valentine\Valentine's Day JOI.mp4
07.11.2022 20:00:01 - D:\Bachmann\Verschieden\X\PHub\Verschieden\30 Minute Edging JOI From Little Goddess.mp4
07.11.2022 20:00:01 - D:\Bachmann\Verschieden\X\PHub\Verschieden\5 Second game - Princess Kristi.mp4
07.11.2022 20:00:01 - D:\Bachmann\Verschieden\X\PHub\Verschieden\5 Second game joi.mp4
07.11.2022 20:00:01 - D:\Bachmann\Verschieden\X\PHub\Verschieden\Clara Dee_Ruined-Orgasm-JOI-Game---Clara-Dee-JOI.mp4
07.11.2022 20:00:01 - D:\Bachmann\Verschieden\X\PHub\Verschieden\Compressed_Destinationkat_Playing-A-Game-With-Me2.mp4
07.11.2022 20:00:01 - D:\Bachmann\Verschieden\X\PHub\Verschieden\Countdown to cum.mp4
07.11.2022 20:00:01 - D:\Bachmann\Verschieden\X\PHub\Verschieden\Destinationkat_Playing-A-Game-With-Me.mp4
07.11.2022 20:00:01 - D:\Bachmann\Verschieden\X\PHub\Verschieden\Edging JOI while Touching myself - don't Cum unti_- Pornhub.com.mp4
07.11.2022 20:00:01 - D:\Bachmann\Verschieden\X\PHub\Verschieden\Joi Counting Strokes.mp4
07.11.2022 20:00:01 - D:\Bachmann\Verschieden\X\PHub\Verschieden\JOI RED LIGHT GREEN LIGHT DENIAL - Pornhub.com.mp4
07.11.2022 20:00:01 - D:\Bachmann\Verschieden\X\PHub\Verschieden\JOI RED LIGHT GREEN LIGHT DENIAL.mp4
07.11.2022 20:00:01 - D:\Bachmann\Verschieden\X\PHub\Verschieden\JOI_ two Cum Countdowns.mp4
07.11.2022 20:00:01 - D:\Bachmann\Verschieden\X\PHub\Verschieden\Miss London Lix - Striptease Edging JOI and CEI_[femdomxxx.net].mp4
07.11.2022 20:00:01 - D:\Bachmann\Verschieden\X\PHub\Verschieden\Skinny teen Lucianna Karel in Czech Gang Orgy _ A_crosoft? Edge.mp4
07.11.2022 20:00:01 - D:\Bachmann\Verschieden\X\PHub\Verschieden\Sneak Peek Cam Show Edging Countdown.mp4
07.11.2022 20:00:02 - D:\Bachmann\Verschieden\X\PHub\Verschieden\StopAndGo.mp4
07.11.2022 20:00:02 - D:\Bachmann\Verschieden\X\PHub\Verschieden\StopAndGo2.mp4
07.11.2022 20:00:02 - D:\Bachmann\Verschieden\X\PHub\Verschieden\Toe wiggle ruin.mp4
07.11.2022 20:00:02 - D:\Bachmann\Verschieden\X\PHub\Verschieden\Ultimate Edging Challenge.mp4
07.11.2022 20:00:02 - D:\Bachmann\Verschieden\X\PHub\Verschieden\Wank It Now - Penny L - Red Light Green Light Game.mp4
07.11.2022 20:00:02 - D:\Bachmann\Verschieden\X\PHub\Verschieden\Watch 2nd best legs.mp4
07.11.2022 20:00:02 - D:\Bachmann\Verschieden\X\PHub\Verschieden\Watch AA You Deserve A Nice Reward.mp4
07.11.2022 20:00:02 - D:\Bachmann\Verschieden\X\PHub\Verschieden\Watch Angel Joi.mp4
07.11.2022 20:00:02 - D:\Bachmann\Verschieden\X\PHub\Verschieden\Watch Countdown JOI.mp4
07.11.2022 20:00:02 - D:\Bachmann\Verschieden\X\PHub\Verschieden\Watch Goddess Edging - Alexa Divina.mp4
07.11.2022 20:00:02 - D:\Bachmann\Verschieden\X\PHub\Verschieden\Watch JOI Bunnie Hughes.mp4
07.11.2022 20:00:02 - D:\Bachmann\Verschieden\X\PHub\Verschieden\Watch joi card game - including months in chasti.mp4
07.11.2022 20:00:02 - D:\Bachmann\Verschieden\X\PHub\Verschieden\Watch Meine Spiele.mp4
07.11.2022 20:00:02 - D:\Bachmann\Verschieden\X\PHub\Bratty+Bunny+-+JOI+Program+Week+2.mp4
07.11.2022 20:00:02 - D:\Bachmann\Verschieden\X\PHub\Bratty+Bunny+-+Try+to+Stop.mp4
07.11.2022 20:00:02 - D:\Bachmann\Verschieden\X\PHub\Eva de Vil - 5 Second Cum Challenge.mp4
07.11.2022 20:00:02 - D:\Bachmann\Verschieden\X\PHub\MissAlikaWhite_5-Seconds-at-a-Time-JOI-Game.mp4
07.11.2022 20:00:02 - Dateien in Datenbank einlesen
07.11.2022 20:01:23 - 
07.11.2022 20:01:23 - ---------------------------------------------------------------------------------------------
07.11.2022 20:01:23 - Start Job: 4
07.11.2022 20:01:23 - Quelle: D:\Bachmann\Verschieden\X\PHub\
07.11.2022 20:01:23 - Ziel: N:\HarddriveClone\x\Phub\
07.11.2022 20:03:10 - 
07.11.2022 20:03:10 - ---------------------------------------------------------------------------------------------
07.11.2022 20:03:10 - Start Job: 4
07.11.2022 20:03:10 - Quelle: D:\Bachmann\Verschieden\X\PHub\
07.11.2022 20:03:10 - Ziel: N:\HarddriveClone\x\Phub\
